{"/Users/oliver/WebstormProjects/ase-pda-project3/app/modules/manager/manager.js": {"path":"/Users/oliver/WebstormProjects/ase-pda-project3/app/modules/manager/manager.js","statementMap":{"0":{"start":{"line":1,"column":21},"end":{"line":1,"column":63}},"1":{"start":{"line":2,"column":25},"end":{"line":2,"column":73}},"2":{"start":{"line":3,"column":17},"end":{"line":3,"column":36}},"3":{"start":{"line":4,"column":13},"end":{"line":4,"column":33}},"4":{"start":{"line":6,"column":0},"end":{"line":103,"column":2}},"5":{"start":{"line":8,"column":4},"end":{"line":8,"column":36}},"6":{"start":{"line":9,"column":4},"end":{"line":9,"column":17}},"7":{"start":{"line":14,"column":4},"end":{"line":14,"column":51}},"8":{"start":{"line":15,"column":4},"end":{"line":15,"column":23}},"9":{"start":{"line":17,"column":4},"end":{"line":17,"column":96}},"10":{"start":{"line":18,"column":4},"end":{"line":18,"column":107}},"11":{"start":{"line":19,"column":4},"end":{"line":19,"column":114}},"12":{"start":{"line":20,"column":4},"end":{"line":20,"column":95}},"13":{"start":{"line":21,"column":4},"end":{"line":21,"column":94}},"14":{"start":{"line":22,"column":4},"end":{"line":22,"column":95}},"15":{"start":{"line":24,"column":4},"end":{"line":24,"column":28}},"16":{"start":{"line":26,"column":4},"end":{"line":28,"column":7}},"17":{"start":{"line":27,"column":6},"end":{"line":27,"column":55}},"18":{"start":{"line":30,"column":4},"end":{"line":37,"column":7}},"19":{"start":{"line":31,"column":6},"end":{"line":36,"column":9}},"20":{"start":{"line":32,"column":8},"end":{"line":32,"column":63}},"21":{"start":{"line":34,"column":8},"end":{"line":34,"column":46}},"22":{"start":{"line":35,"column":8},"end":{"line":35,"column":27}},"23":{"start":{"line":40,"column":4},"end":{"line":43,"column":7}},"24":{"start":{"line":41,"column":6},"end":{"line":41,"column":71}},"25":{"start":{"line":42,"column":6},"end":{"line":42,"column":30}},"26":{"start":{"line":44,"column":4},"end":{"line":50,"column":7}},"27":{"start":{"line":45,"column":6},"end":{"line":45,"column":26}},"28":{"start":{"line":46,"column":26},"end":{"line":46,"column":62}},"29":{"start":{"line":47,"column":6},"end":{"line":49,"column":7}},"30":{"start":{"line":48,"column":8},"end":{"line":48,"column":56}},"31":{"start":{"line":55,"column":4},"end":{"line":57,"column":5}},"32":{"start":{"line":56,"column":6},"end":{"line":56,"column":13}},"33":{"start":{"line":58,"column":4},"end":{"line":58,"column":35}},"34":{"start":{"line":62,"column":18},"end":{"line":62,"column":55}},"35":{"start":{"line":84,"column":4},"end":{"line":86,"column":7}},"36":{"start":{"line":85,"column":6},"end":{"line":85,"column":47}},"37":{"start":{"line":91,"column":4},"end":{"line":96,"column":7}},"38":{"start":{"line":92,"column":26},"end":{"line":92,"column":61}},"39":{"start":{"line":93,"column":6},"end":{"line":95,"column":7}},"40":{"start":{"line":94,"column":8},"end":{"line":94,"column":56}},"41":{"start":{"line":101,"column":4},"end":{"line":101,"column":20}}},"fnMap":{"0":{"name":"(anonymous_0)","decl":{"start":{"line":7,"column":2},"end":{"line":7,"column":3}},"loc":{"start":{"line":7,"column":18},"end":{"line":10,"column":3}},"line":7},"1":{"name":"(anonymous_1)","decl":{"start":{"line":13,"column":2},"end":{"line":13,"column":3}},"loc":{"start":{"line":13,"column":35},"end":{"line":51,"column":3}},"line":13},"2":{"name":"(anonymous_2)","decl":{"start":{"line":26,"column":19},"end":{"line":26,"column":20}},"loc":{"start":{"line":26,"column":28},"end":{"line":28,"column":5}},"line":26},"3":{"name":"(anonymous_3)","decl":{"start":{"line":30,"column":25},"end":{"line":30,"column":26}},"loc":{"start":{"line":30,"column":34},"end":{"line":37,"column":5}},"line":30},"4":{"name":"(anonymous_4)","decl":{"start":{"line":31,"column":33},"end":{"line":31,"column":34}},"loc":{"start":{"line":31,"column":52},"end":{"line":33,"column":7}},"line":31},"5":{"name":"(anonymous_5)","decl":{"start":{"line":33,"column":15},"end":{"line":33,"column":16}},"loc":{"start":{"line":33,"column":24},"end":{"line":36,"column":7}},"line":33},"6":{"name":"(anonymous_6)","decl":{"start":{"line":40,"column":24},"end":{"line":40,"column":25}},"loc":{"start":{"line":40,"column":33},"end":{"line":43,"column":5}},"line":40},"7":{"name":"(anonymous_7)","decl":{"start":{"line":44,"column":34},"end":{"line":44,"column":35}},"loc":{"start":{"line":44,"column":43},"end":{"line":50,"column":5}},"line":44},"8":{"name":"(anonymous_8)","decl":{"start":{"line":54,"column":2},"end":{"line":54,"column":3}},"loc":{"start":{"line":54,"column":21},"end":{"line":87,"column":3}},"line":54},"9":{"name":"(anonymous_9)","decl":{"start":{"line":84,"column":35},"end":{"line":84,"column":36}},"loc":{"start":{"line":84,"column":41},"end":{"line":86,"column":5}},"line":84},"10":{"name":"(anonymous_10)","decl":{"start":{"line":90,"column":2},"end":{"line":90,"column":3}},"loc":{"start":{"line":90,"column":52},"end":{"line":97,"column":3}},"line":90},"11":{"name":"(anonymous_11)","decl":{"start":{"line":91,"column":51},"end":{"line":91,"column":52}},"loc":{"start":{"line":91,"column":62},"end":{"line":96,"column":5}},"line":91},"12":{"name":"(anonymous_12)","decl":{"start":{"line":100,"column":2},"end":{"line":100,"column":3}},"loc":{"start":{"line":100,"column":19},"end":{"line":102,"column":3}},"line":100}},"branchMap":{"0":{"loc":{"start":{"line":47,"column":6},"end":{"line":49,"column":7}},"type":"if","locations":[{"start":{"line":47,"column":6},"end":{"line":49,"column":7}},{"start":{"line":47,"column":6},"end":{"line":49,"column":7}}],"line":47},"1":{"loc":{"start":{"line":55,"column":4},"end":{"line":57,"column":5}},"type":"if","locations":[{"start":{"line":55,"column":4},"end":{"line":57,"column":5}},{"start":{"line":55,"column":4},"end":{"line":57,"column":5}}],"line":55},"2":{"loc":{"start":{"line":93,"column":6},"end":{"line":95,"column":7}},"type":"if","locations":[{"start":{"line":93,"column":6},"end":{"line":95,"column":7}},{"start":{"line":93,"column":6},"end":{"line":95,"column":7}}],"line":93}},"s":{"0":1,"1":1,"2":1,"3":1,"4":1,"5":1,"6":1,"7":1,"8":1,"9":1,"10":1,"11":1,"12":1,"13":1,"14":1,"15":1,"16":1,"17":0,"18":1,"19":0,"20":0,"21":0,"22":0,"23":1,"24":0,"25":0,"26":1,"27":0,"28":0,"29":0,"30":0,"31":0,"32":0,"33":0,"34":0,"35":0,"36":0,"37":1,"38":1,"39":1,"40":1,"41":1},"f":{"0":1,"1":1,"2":0,"3":0,"4":0,"5":0,"6":0,"7":0,"8":0,"9":0,"10":1,"11":1,"12":1},"b":{"0":[0,0],"1":[0,0],"2":[1,0]},"_coverageSchema":"1a1c01bbd47fc00a2c39e90264f33305004495a9","hash":"97bd113b8f91724e2c71e6c6f30b0278b8c684a6"}
,"/Users/oliver/WebstormProjects/ase-pda-project3/app/modules/rest/rest.js": {"path":"/Users/oliver/WebstormProjects/ase-pda-project3/app/modules/rest/rest.js","statementMap":{"0":{"start":{"line":1,"column":14},"end":{"line":1,"column":30}},"1":{"start":{"line":3,"column":0},"end":{"line":63,"column":2}},"2":{"start":{"line":4,"column":15},"end":{"line":4,"column":67}},"3":{"start":{"line":7,"column":2},"end":{"line":37,"column":5}},"4":{"start":{"line":8,"column":17},"end":{"line":8,"column":31}},"5":{"start":{"line":9,"column":24},"end":{"line":11,"column":88}},"6":{"start":{"line":12,"column":4},"end":{"line":36,"column":7}},"7":{"start":{"line":14,"column":24},"end":{"line":14,"column":50}},"8":{"start":{"line":15,"column":27},"end":{"line":15,"column":54}},"9":{"start":{"line":16,"column":6},"end":{"line":32,"column":9}},"10":{"start":{"line":17,"column":8},"end":{"line":28,"column":11}},"11":{"start":{"line":18,"column":10},"end":{"line":24,"column":13}},"12":{"start":{"line":19,"column":12},"end":{"line":19,"column":63}},"13":{"start":{"line":20,"column":12},"end":{"line":20,"column":43}},"14":{"start":{"line":22,"column":12},"end":{"line":22,"column":31}},"15":{"start":{"line":23,"column":12},"end":{"line":23,"column":111}},"16":{"start":{"line":26,"column":10},"end":{"line":26,"column":29}},"17":{"start":{"line":27,"column":10},"end":{"line":27,"column":109}},"18":{"start":{"line":30,"column":8},"end":{"line":30,"column":27}},"19":{"start":{"line":31,"column":8},"end":{"line":31,"column":107}},"20":{"start":{"line":34,"column":6},"end":{"line":34,"column":25}},"21":{"start":{"line":35,"column":6},"end":{"line":35,"column":105}},"22":{"start":{"line":39,"column":2},"end":{"line":62,"column":5}},"23":{"start":{"line":40,"column":17},"end":{"line":40,"column":31}},"24":{"start":{"line":41,"column":4},"end":{"line":61,"column":7}},"25":{"start":{"line":42,"column":21},"end":{"line":42,"column":34}},"26":{"start":{"line":43,"column":6},"end":{"line":43,"column":40}},"27":{"start":{"line":45,"column":6},"end":{"line":45,"column":68}},"28":{"start":{"line":47,"column":6},"end":{"line":47,"column":52}},"29":{"start":{"line":49,"column":6},"end":{"line":49,"column":57}},"30":{"start":{"line":50,"column":6},"end":{"line":50,"column":101}},"31":{"start":{"line":53,"column":20},"end":{"line":53,"column":89}},"32":{"start":{"line":54,"column":20},"end":{"line":54,"column":69}},"33":{"start":{"line":55,"column":22},"end":{"line":55,"column":93}},"34":{"start":{"line":55,"column":47},"end":{"line":55,"column":91}},"35":{"start":{"line":56,"column":6},"end":{"line":56,"column":37}},"36":{"start":{"line":58,"column":6},"end":{"line":60,"column":7}},"37":{"start":{"line":59,"column":8},"end":{"line":59,"column":27}}},"fnMap":{"0":{"name":"(anonymous_0)","decl":{"start":{"line":3,"column":17},"end":{"line":3,"column":18}},"loc":{"start":{"line":3,"column":64},"end":{"line":63,"column":1}},"line":3},"1":{"name":"(anonymous_1)","decl":{"start":{"line":7,"column":21},"end":{"line":7,"column":22}},"loc":{"start":{"line":7,"column":35},"end":{"line":37,"column":3}},"line":7},"2":{"name":"(anonymous_2)","decl":{"start":{"line":13,"column":11},"end":{"line":13,"column":12}},"loc":{"start":{"line":13,"column":25},"end":{"line":33,"column":5}},"line":13},"3":{"name":"(anonymous_3)","decl":{"start":{"line":16,"column":55},"end":{"line":16,"column":56}},"loc":{"start":{"line":16,"column":61},"end":{"line":29,"column":7}},"line":16},"4":{"name":"(anonymous_4)","decl":{"start":{"line":17,"column":68},"end":{"line":17,"column":69}},"loc":{"start":{"line":17,"column":74},"end":{"line":25,"column":9}},"line":17},"5":{"name":"(anonymous_5)","decl":{"start":{"line":18,"column":50},"end":{"line":18,"column":51}},"loc":{"start":{"line":18,"column":62},"end":{"line":21,"column":11}},"line":18},"6":{"name":"(anonymous_6)","decl":{"start":{"line":21,"column":19},"end":{"line":21,"column":20}},"loc":{"start":{"line":21,"column":28},"end":{"line":24,"column":11}},"line":21},"7":{"name":"(anonymous_7)","decl":{"start":{"line":25,"column":17},"end":{"line":25,"column":18}},"loc":{"start":{"line":25,"column":26},"end":{"line":28,"column":9}},"line":25},"8":{"name":"(anonymous_8)","decl":{"start":{"line":29,"column":15},"end":{"line":29,"column":16}},"loc":{"start":{"line":29,"column":24},"end":{"line":32,"column":7}},"line":29},"9":{"name":"(anonymous_9)","decl":{"start":{"line":33,"column":13},"end":{"line":33,"column":14}},"loc":{"start":{"line":33,"column":22},"end":{"line":36,"column":5}},"line":33},"10":{"name":"(anonymous_10)","decl":{"start":{"line":39,"column":29},"end":{"line":39,"column":30}},"loc":{"start":{"line":39,"column":43},"end":{"line":62,"column":3}},"line":39},"11":{"name":"(anonymous_11)","decl":{"start":{"line":41,"column":37},"end":{"line":41,"column":38}},"loc":{"start":{"line":41,"column":47},"end":{"line":46,"column":5}},"line":41},"12":{"name":"(anonymous_12)","decl":{"start":{"line":46,"column":12},"end":{"line":46,"column":13}},"loc":{"start":{"line":46,"column":18},"end":{"line":48,"column":5}},"line":46},"13":{"name":"(anonymous_13)","decl":{"start":{"line":48,"column":12},"end":{"line":48,"column":13}},"loc":{"start":{"line":48,"column":24},"end":{"line":57,"column":5}},"line":48},"14":{"name":"(anonymous_14)","decl":{"start":{"line":55,"column":31},"end":{"line":55,"column":32}},"loc":{"start":{"line":55,"column":47},"end":{"line":55,"column":91}},"line":55},"15":{"name":"(anonymous_15)","decl":{"start":{"line":57,"column":13},"end":{"line":57,"column":14}},"loc":{"start":{"line":57,"column":22},"end":{"line":61,"column":5}},"line":57}},"branchMap":{"0":{"loc":{"start":{"line":58,"column":6},"end":{"line":60,"column":7}},"type":"if","locations":[{"start":{"line":58,"column":6},"end":{"line":60,"column":7}},{"start":{"line":58,"column":6},"end":{"line":60,"column":7}}],"line":58}},"s":{"0":1,"1":1,"2":3,"3":3,"4":3,"5":3,"6":3,"7":3,"8":3,"9":3,"10":0,"11":0,"12":0,"13":0,"14":0,"15":0,"16":0,"17":0,"18":3,"19":3,"20":0,"21":0,"22":3,"23":3,"24":3,"25":3,"26":3,"27":3,"28":3,"29":3,"30":0,"31":0,"32":0,"33":0,"34":0,"35":0,"36":3,"37":3},"f":{"0":3,"1":3,"2":3,"3":0,"4":0,"5":0,"6":0,"7":0,"8":3,"9":0,"10":3,"11":3,"12":3,"13":3,"14":0,"15":3},"b":{"0":[3,0]},"_coverageSchema":"1a1c01bbd47fc00a2c39e90264f33305004495a9","hash":"0722dddd706fae7e32a9353de374e204ec07b254"}
,"/Users/oliver/WebstormProjects/ase-pda-project3/app/modules/watson-assistant/watsonAssistant.js": {"path":"/Users/oliver/WebstormProjects/ase-pda-project3/app/modules/watson-assistant/watsonAssistant.js","statementMap":{"0":{"start":{"line":1,"column":20},"end":{"line":1,"column":54}},"1":{"start":{"line":2,"column":29},"end":{"line":2,"column":55}},"2":{"start":{"line":3,"column":18},"end":{"line":9,"column":2}},"3":{"start":{"line":10,"column":0},"end":{"line":138,"column":2}},"4":{"start":{"line":11,"column":2},"end":{"line":51,"column":4}},"5":{"start":{"line":12,"column":4},"end":{"line":50,"column":7}},"6":{"start":{"line":13,"column":6},"end":{"line":49,"column":7}},"7":{"start":{"line":14,"column":8},"end":{"line":26,"column":15}},"8":{"start":{"line":16,"column":14},"end":{"line":22,"column":21}},"9":{"start":{"line":18,"column":20},"end":{"line":18,"column":33}},"10":{"start":{"line":21,"column":20},"end":{"line":21,"column":32}},"11":{"start":{"line":25,"column":14},"end":{"line":25,"column":26}},"12":{"start":{"line":28,"column":8},"end":{"line":48,"column":15}},"13":{"start":{"line":30,"column":14},"end":{"line":30,"column":27}},"14":{"start":{"line":33,"column":14},"end":{"line":47,"column":15}},"15":{"start":{"line":34,"column":16},"end":{"line":46,"column":23}},"16":{"start":{"line":36,"column":22},"end":{"line":42,"column":29}},"17":{"start":{"line":38,"column":28},"end":{"line":38,"column":41}},"18":{"start":{"line":41,"column":28},"end":{"line":41,"column":40}},"19":{"start":{"line":45,"column":22},"end":{"line":45,"column":34}},"20":{"start":{"line":54,"column":2},"end":{"line":68,"column":4}},"21":{"start":{"line":55,"column":4},"end":{"line":67,"column":7}},"22":{"start":{"line":56,"column":6},"end":{"line":66,"column":13}},"23":{"start":{"line":60,"column":12},"end":{"line":60,"column":51}},"24":{"start":{"line":61,"column":12},"end":{"line":61,"column":31}},"25":{"start":{"line":64,"column":12},"end":{"line":64,"column":31}},"26":{"start":{"line":65,"column":12},"end":{"line":65,"column":24}},"27":{"start":{"line":69,"column":2},"end":{"line":92,"column":4}},"28":{"start":{"line":70,"column":4},"end":{"line":91,"column":7}},"29":{"start":{"line":71,"column":6},"end":{"line":90,"column":13}},"30":{"start":{"line":84,"column":12},"end":{"line":84,"column":93}},"31":{"start":{"line":85,"column":12},"end":{"line":85,"column":39}},"32":{"start":{"line":88,"column":12},"end":{"line":88,"column":31}},"33":{"start":{"line":89,"column":12},"end":{"line":89,"column":24}},"34":{"start":{"line":93,"column":2},"end":{"line":108,"column":4}},"35":{"start":{"line":94,"column":4},"end":{"line":107,"column":7}},"36":{"start":{"line":95,"column":6},"end":{"line":106,"column":13}},"37":{"start":{"line":100,"column":12},"end":{"line":100,"column":32}},"38":{"start":{"line":101,"column":12},"end":{"line":101,"column":31}},"39":{"start":{"line":104,"column":12},"end":{"line":104,"column":31}},"40":{"start":{"line":105,"column":12},"end":{"line":105,"column":24}},"41":{"start":{"line":110,"column":2},"end":{"line":135,"column":4}},"42":{"start":{"line":111,"column":4},"end":{"line":134,"column":7}},"43":{"start":{"line":112,"column":6},"end":{"line":133,"column":13}},"44":{"start":{"line":124,"column":12},"end":{"line":124,"column":25}},"45":{"start":{"line":127,"column":12},"end":{"line":132,"column":13}},"46":{"start":{"line":128,"column":14},"end":{"line":128,"column":24}},"47":{"start":{"line":130,"column":14},"end":{"line":130,"column":33}},"48":{"start":{"line":131,"column":14},"end":{"line":131,"column":26}},"49":{"start":{"line":137,"column":2},"end":{"line":137,"column":14}}},"fnMap":{"0":{"name":"(anonymous_0)","decl":{"start":{"line":10,"column":17},"end":{"line":10,"column":18}},"loc":{"start":{"line":10,"column":29},"end":{"line":138,"column":1}},"line":10},"1":{"name":"(anonymous_1)","decl":{"start":{"line":11,"column":19},"end":{"line":11,"column":20}},"loc":{"start":{"line":11,"column":34},"end":{"line":51,"column":3}},"line":11},"2":{"name":"(anonymous_2)","decl":{"start":{"line":12,"column":23},"end":{"line":12,"column":24}},"loc":{"start":{"line":12,"column":44},"end":{"line":50,"column":5}},"line":12},"3":{"name":"(anonymous_3)","decl":{"start":{"line":15,"column":18},"end":{"line":15,"column":19}},"loc":{"start":{"line":15,"column":24},"end":{"line":23,"column":13}},"line":15},"4":{"name":"(anonymous_4)","decl":{"start":{"line":17,"column":24},"end":{"line":17,"column":25}},"loc":{"start":{"line":17,"column":33},"end":{"line":19,"column":19}},"line":17},"5":{"name":"(anonymous_5)","decl":{"start":{"line":20,"column":25},"end":{"line":20,"column":26}},"loc":{"start":{"line":20,"column":34},"end":{"line":22,"column":19}},"line":20},"6":{"name":"(anonymous_6)","decl":{"start":{"line":24,"column":19},"end":{"line":24,"column":20}},"loc":{"start":{"line":24,"column":28},"end":{"line":26,"column":13}},"line":24},"7":{"name":"(anonymous_7)","decl":{"start":{"line":29,"column":18},"end":{"line":29,"column":19}},"loc":{"start":{"line":29,"column":27},"end":{"line":31,"column":13}},"line":29},"8":{"name":"(anonymous_8)","decl":{"start":{"line":32,"column":19},"end":{"line":32,"column":20}},"loc":{"start":{"line":32,"column":28},"end":{"line":48,"column":13}},"line":32},"9":{"name":"(anonymous_9)","decl":{"start":{"line":35,"column":26},"end":{"line":35,"column":27}},"loc":{"start":{"line":35,"column":32},"end":{"line":43,"column":21}},"line":35},"10":{"name":"(anonymous_10)","decl":{"start":{"line":37,"column":32},"end":{"line":37,"column":33}},"loc":{"start":{"line":37,"column":41},"end":{"line":39,"column":27}},"line":37},"11":{"name":"(anonymous_11)","decl":{"start":{"line":40,"column":33},"end":{"line":40,"column":34}},"loc":{"start":{"line":40,"column":42},"end":{"line":42,"column":27}},"line":40},"12":{"name":"(anonymous_12)","decl":{"start":{"line":44,"column":27},"end":{"line":44,"column":28}},"loc":{"start":{"line":44,"column":36},"end":{"line":46,"column":21}},"line":44},"13":{"name":"(anonymous_13)","decl":{"start":{"line":54,"column":23},"end":{"line":54,"column":24}},"loc":{"start":{"line":54,"column":29},"end":{"line":68,"column":3}},"line":54},"14":{"name":"(anonymous_14)","decl":{"start":{"line":55,"column":23},"end":{"line":55,"column":24}},"loc":{"start":{"line":55,"column":44},"end":{"line":67,"column":5}},"line":55},"15":{"name":"(anonymous_15)","decl":{"start":{"line":59,"column":16},"end":{"line":59,"column":17}},"loc":{"start":{"line":59,"column":25},"end":{"line":62,"column":11}},"line":59},"16":{"name":"(anonymous_16)","decl":{"start":{"line":63,"column":17},"end":{"line":63,"column":18}},"loc":{"start":{"line":63,"column":26},"end":{"line":66,"column":11}},"line":63},"17":{"name":"(anonymous_17)","decl":{"start":{"line":69,"column":17},"end":{"line":69,"column":18}},"loc":{"start":{"line":69,"column":32},"end":{"line":92,"column":3}},"line":69},"18":{"name":"(anonymous_18)","decl":{"start":{"line":70,"column":23},"end":{"line":70,"column":24}},"loc":{"start":{"line":70,"column":44},"end":{"line":91,"column":5}},"line":70},"19":{"name":"(anonymous_19)","decl":{"start":{"line":83,"column":16},"end":{"line":83,"column":17}},"loc":{"start":{"line":83,"column":25},"end":{"line":86,"column":11}},"line":83},"20":{"name":"(anonymous_20)","decl":{"start":{"line":87,"column":17},"end":{"line":87,"column":18}},"loc":{"start":{"line":87,"column":26},"end":{"line":90,"column":11}},"line":87},"21":{"name":"(anonymous_21)","decl":{"start":{"line":93,"column":23},"end":{"line":93,"column":24}},"loc":{"start":{"line":93,"column":29},"end":{"line":108,"column":3}},"line":93},"22":{"name":"(anonymous_22)","decl":{"start":{"line":94,"column":23},"end":{"line":94,"column":24}},"loc":{"start":{"line":94,"column":44},"end":{"line":107,"column":5}},"line":94},"23":{"name":"(anonymous_23)","decl":{"start":{"line":99,"column":16},"end":{"line":99,"column":17}},"loc":{"start":{"line":99,"column":22},"end":{"line":102,"column":11}},"line":99},"24":{"name":"(anonymous_24)","decl":{"start":{"line":103,"column":17},"end":{"line":103,"column":18}},"loc":{"start":{"line":103,"column":26},"end":{"line":106,"column":11}},"line":103},"25":{"name":"(anonymous_25)","decl":{"start":{"line":110,"column":20},"end":{"line":110,"column":21}},"loc":{"start":{"line":110,"column":33},"end":{"line":135,"column":3}},"line":110},"26":{"name":"(anonymous_26)","decl":{"start":{"line":111,"column":23},"end":{"line":111,"column":24}},"loc":{"start":{"line":111,"column":44},"end":{"line":134,"column":5}},"line":111},"27":{"name":"(anonymous_27)","decl":{"start":{"line":123,"column":16},"end":{"line":123,"column":17}},"loc":{"start":{"line":123,"column":25},"end":{"line":125,"column":11}},"line":123},"28":{"name":"(anonymous_28)","decl":{"start":{"line":126,"column":17},"end":{"line":126,"column":18}},"loc":{"start":{"line":126,"column":26},"end":{"line":133,"column":11}},"line":126}},"branchMap":{"0":{"loc":{"start":{"line":13,"column":6},"end":{"line":49,"column":7}},"type":"if","locations":[{"start":{"line":13,"column":6},"end":{"line":49,"column":7}},{"start":{"line":13,"column":6},"end":{"line":49,"column":7}}],"line":13},"1":{"loc":{"start":{"line":33,"column":14},"end":{"line":47,"column":15}},"type":"if","locations":[{"start":{"line":33,"column":14},"end":{"line":47,"column":15}},{"start":{"line":33,"column":14},"end":{"line":47,"column":15}}],"line":33},"2":{"loc":{"start":{"line":127,"column":12},"end":{"line":132,"column":13}},"type":"if","locations":[{"start":{"line":127,"column":12},"end":{"line":132,"column":13}},{"start":{"line":127,"column":12},"end":{"line":132,"column":13}}],"line":127}},"s":{"0":23,"1":23,"2":23,"3":23,"4":23,"5":3,"6":3,"7":1,"8":1,"9":1,"10":0,"11":0,"12":2,"13":1,"14":1,"15":1,"16":1,"17":0,"18":1,"19":0,"20":23,"21":4,"22":4,"23":3,"24":3,"25":1,"26":1,"27":23,"28":6,"29":6,"30":3,"31":3,"32":3,"33":3,"34":23,"35":2,"36":2,"37":1,"38":1,"39":1,"40":1,"41":23,"42":2,"43":2,"44":1,"45":1,"46":0,"47":1,"48":1,"49":23},"f":{"0":23,"1":3,"2":3,"3":1,"4":1,"5":0,"6":0,"7":1,"8":1,"9":1,"10":0,"11":1,"12":0,"13":4,"14":4,"15":3,"16":1,"17":6,"18":6,"19":3,"20":3,"21":2,"22":2,"23":1,"24":1,"25":2,"26":2,"27":1,"28":1},"b":{"0":[1,2],"1":[1,0],"2":[0,1]},"_coverageSchema":"1a1c01bbd47fc00a2c39e90264f33305004495a9","hash":"f4260c429a0310ed7f6d0a2ed033918f9b9b3077"}
,"/Users/oliver/WebstormProjects/ase-pda-project3/app/modules/watson-speech/watsonSpeech.js": {"path":"/Users/oliver/WebstormProjects/ase-pda-project3/app/modules/watson-speech/watsonSpeech.js","statementMap":{"0":{"start":{"line":1,"column":23},"end":{"line":1,"column":62}},"1":{"start":{"line":2,"column":23},"end":{"line":2,"column":62}},"2":{"start":{"line":3,"column":29},"end":{"line":3,"column":55}},"3":{"start":{"line":4,"column":14},"end":{"line":4,"column":30}},"4":{"start":{"line":6,"column":0},"end":{"line":76,"column":2}},"5":{"start":{"line":8,"column":2},"end":{"line":28,"column":4}},"6":{"start":{"line":9,"column":4},"end":{"line":27,"column":7}},"7":{"start":{"line":10,"column":27},"end":{"line":15,"column":8}},"8":{"start":{"line":16,"column":31},"end":{"line":20,"column":7}},"9":{"start":{"line":21,"column":6},"end":{"line":26,"column":9}},"10":{"start":{"line":22,"column":28},"end":{"line":22,"column":43}},"11":{"start":{"line":23,"column":8},"end":{"line":23,"column":29}},"12":{"start":{"line":25,"column":8},"end":{"line":25,"column":20}},"13":{"start":{"line":31,"column":2},"end":{"line":37,"column":4}},"14":{"start":{"line":32,"column":4},"end":{"line":36,"column":7}},"15":{"start":{"line":33,"column":6},"end":{"line":35,"column":23}},"16":{"start":{"line":34,"column":8},"end":{"line":34,"column":80}},"17":{"start":{"line":40,"column":2},"end":{"line":74,"column":4}},"18":{"start":{"line":41,"column":4},"end":{"line":73,"column":7}},"19":{"start":{"line":42,"column":27},"end":{"line":47,"column":8}},"20":{"start":{"line":49,"column":21},"end":{"line":53,"column":7}},"21":{"start":{"line":55,"column":6},"end":{"line":72,"column":13}},"22":{"start":{"line":57,"column":36},"end":{"line":57,"column":80}},"23":{"start":{"line":58,"column":12},"end":{"line":62,"column":15}},"24":{"start":{"line":59,"column":14},"end":{"line":59,"column":45}},"25":{"start":{"line":61,"column":14},"end":{"line":61,"column":33}},"26":{"start":{"line":64,"column":12},"end":{"line":66,"column":15}},"27":{"start":{"line":65,"column":14},"end":{"line":65,"column":40}},"28":{"start":{"line":67,"column":12},"end":{"line":69,"column":15}},"29":{"start":{"line":68,"column":14},"end":{"line":68,"column":35}},"30":{"start":{"line":71,"column":12},"end":{"line":71,"column":31}},"31":{"start":{"line":75,"column":2},"end":{"line":75,"column":14}}},"fnMap":{"0":{"name":"(anonymous_0)","decl":{"start":{"line":6,"column":17},"end":{"line":6,"column":18}},"loc":{"start":{"line":6,"column":29},"end":{"line":76,"column":1}},"line":6},"1":{"name":"(anonymous_1)","decl":{"start":{"line":8,"column":13},"end":{"line":8,"column":14}},"loc":{"start":{"line":8,"column":23},"end":{"line":28,"column":3}},"line":8},"2":{"name":"(anonymous_2)","decl":{"start":{"line":9,"column":23},"end":{"line":9,"column":24}},"loc":{"start":{"line":9,"column":44},"end":{"line":27,"column":5}},"line":9},"3":{"name":"(anonymous_3)","decl":{"start":{"line":21,"column":53},"end":{"line":21,"column":54}},"loc":{"start":{"line":21,"column":67},"end":{"line":24,"column":7}},"line":21},"4":{"name":"(anonymous_4)","decl":{"start":{"line":24,"column":15},"end":{"line":24,"column":16}},"loc":{"start":{"line":24,"column":24},"end":{"line":26,"column":7}},"line":24},"5":{"name":"(anonymous_5)","decl":{"start":{"line":31,"column":24},"end":{"line":31,"column":25}},"loc":{"start":{"line":31,"column":39},"end":{"line":37,"column":3}},"line":31},"6":{"name":"(anonymous_6)","decl":{"start":{"line":32,"column":23},"end":{"line":32,"column":24}},"loc":{"start":{"line":32,"column":44},"end":{"line":36,"column":5}},"line":32},"7":{"name":"(anonymous_7)","decl":{"start":{"line":33,"column":26},"end":{"line":33,"column":27}},"loc":{"start":{"line":33,"column":43},"end":{"line":35,"column":7}},"line":33},"8":{"name":"(anonymous_8)","decl":{"start":{"line":40,"column":13},"end":{"line":40,"column":14}},"loc":{"start":{"line":40,"column":22},"end":{"line":74,"column":3}},"line":40},"9":{"name":"(anonymous_9)","decl":{"start":{"line":41,"column":23},"end":{"line":41,"column":24}},"loc":{"start":{"line":41,"column":36},"end":{"line":73,"column":5}},"line":41},"10":{"name":"(anonymous_10)","decl":{"start":{"line":56,"column":16},"end":{"line":56,"column":17}},"loc":{"start":{"line":56,"column":26},"end":{"line":70,"column":11}},"line":56},"11":{"name":"(anonymous_11)","decl":{"start":{"line":58,"column":61},"end":{"line":58,"column":62}},"loc":{"start":{"line":58,"column":70},"end":{"line":60,"column":13}},"line":58},"12":{"name":"(anonymous_12)","decl":{"start":{"line":60,"column":21},"end":{"line":60,"column":22}},"loc":{"start":{"line":60,"column":30},"end":{"line":62,"column":13}},"line":60},"13":{"name":"(anonymous_13)","decl":{"start":{"line":64,"column":39},"end":{"line":64,"column":40}},"loc":{"start":{"line":64,"column":50},"end":{"line":66,"column":13}},"line":64},"14":{"name":"(anonymous_14)","decl":{"start":{"line":67,"column":40},"end":{"line":67,"column":41}},"loc":{"start":{"line":67,"column":51},"end":{"line":69,"column":13}},"line":67},"15":{"name":"(anonymous_15)","decl":{"start":{"line":70,"column":19},"end":{"line":70,"column":20}},"loc":{"start":{"line":70,"column":28},"end":{"line":72,"column":11}},"line":70}},"branchMap":{},"s":{"0":11,"1":11,"2":11,"3":11,"4":11,"5":15,"6":1,"7":1,"8":1,"9":1,"10":1,"11":1,"12":0,"13":15,"14":0,"15":0,"16":0,"17":15,"18":1,"19":1,"20":1,"21":1,"22":1,"23":1,"24":1,"25":0,"26":1,"27":1,"28":1,"29":0,"30":0,"31":15},"f":{"0":15,"1":1,"2":1,"3":1,"4":0,"5":0,"6":0,"7":0,"8":1,"9":1,"10":1,"11":1,"12":0,"13":1,"14":0,"15":0},"b":{},"_coverageSchema":"1a1c01bbd47fc00a2c39e90264f33305004495a9","hash":"fdd5b1162086ebc974736e537505cca271ddda31"}
,"/Users/oliver/WebstormProjects/ase-pda-project3/app/services/api/gcalendar/gcalendar.js": {"path":"/Users/oliver/WebstormProjects/ase-pda-project3/app/services/api/gcalendar/gcalendar.js","statementMap":{"0":{"start":{"line":1,"column":19},"end":{"line":1,"column":40}},"1":{"start":{"line":2,"column":48},"end":{"line":2,"column":75}},"2":{"start":{"line":3,"column":15},"end":{"line":3,"column":32}},"3":{"start":{"line":11,"column":0},"end":{"line":188,"column":2}},"4":{"start":{"line":16,"column":2},"end":{"line":25,"column":4}},"5":{"start":{"line":17,"column":4},"end":{"line":24,"column":5}},"6":{"start":{"line":18,"column":26},"end":{"line":18,"column":69}},"7":{"start":{"line":19,"column":6},"end":{"line":19,"column":57}},"8":{"start":{"line":21,"column":6},"end":{"line":21,"column":26}},"9":{"start":{"line":23,"column":6},"end":{"line":23,"column":18}},"10":{"start":{"line":31,"column":2},"end":{"line":43,"column":4}},"11":{"start":{"line":32,"column":4},"end":{"line":42,"column":7}},"12":{"start":{"line":33,"column":18},"end":{"line":36,"column":8}},"13":{"start":{"line":38,"column":6},"end":{"line":38,"column":75}},"14":{"start":{"line":40,"column":6},"end":{"line":40,"column":25}},"15":{"start":{"line":41,"column":6},"end":{"line":41,"column":68}},"16":{"start":{"line":50,"column":2},"end":{"line":73,"column":4}},"17":{"start":{"line":51,"column":4},"end":{"line":72,"column":7}},"18":{"start":{"line":52,"column":6},"end":{"line":71,"column":9}},"19":{"start":{"line":53,"column":25},"end":{"line":53,"column":73}},"20":{"start":{"line":56,"column":8},"end":{"line":62,"column":11}},"21":{"start":{"line":64,"column":22},"end":{"line":64,"column":39}},"22":{"start":{"line":65,"column":30},"end":{"line":65,"column":47}},"23":{"start":{"line":67,"column":26},"end":{"line":67,"column":71}},"24":{"start":{"line":68,"column":8},"end":{"line":68,"column":27}},"25":{"start":{"line":70,"column":8},"end":{"line":70,"column":22}},"26":{"start":{"line":80,"column":2},"end":{"line":99,"column":4}},"27":{"start":{"line":81,"column":4},"end":{"line":98,"column":7}},"28":{"start":{"line":82,"column":6},"end":{"line":97,"column":9}},"29":{"start":{"line":83,"column":25},"end":{"line":83,"column":73}},"30":{"start":{"line":85,"column":8},"end":{"line":96,"column":11}},"31":{"start":{"line":92,"column":24},"end":{"line":92,"column":111}},"32":{"start":{"line":92,"column":73},"end":{"line":92,"column":103}},"33":{"start":{"line":93,"column":10},"end":{"line":93,"column":25}},"34":{"start":{"line":95,"column":10},"end":{"line":95,"column":24}},"35":{"start":{"line":108,"column":2},"end":{"line":131,"column":4}},"36":{"start":{"line":112,"column":4},"end":{"line":130,"column":7}},"37":{"start":{"line":113,"column":6},"end":{"line":129,"column":9}},"38":{"start":{"line":114,"column":25},"end":{"line":114,"column":73}},"39":{"start":{"line":116,"column":8},"end":{"line":124,"column":11}},"40":{"start":{"line":126,"column":8},"end":{"line":126,"column":53}},"41":{"start":{"line":128,"column":8},"end":{"line":128,"column":20}},"42":{"start":{"line":137,"column":2},"end":{"line":150,"column":4}},"43":{"start":{"line":138,"column":4},"end":{"line":149,"column":7}},"44":{"start":{"line":139,"column":6},"end":{"line":148,"column":37}},"45":{"start":{"line":140,"column":25},"end":{"line":140,"column":73}},"46":{"start":{"line":142,"column":8},"end":{"line":142,"column":64}},"47":{"start":{"line":144,"column":22},"end":{"line":146,"column":16}},"48":{"start":{"line":145,"column":10},"end":{"line":145,"column":80}},"49":{"start":{"line":147,"column":8},"end":{"line":147,"column":23}},"50":{"start":{"line":148,"column":24},"end":{"line":148,"column":35}},"51":{"start":{"line":158,"column":2},"end":{"line":185,"column":4}},"52":{"start":{"line":159,"column":4},"end":{"line":184,"column":7}},"53":{"start":{"line":160,"column":6},"end":{"line":162,"column":7}},"54":{"start":{"line":161,"column":8},"end":{"line":161,"column":46}},"55":{"start":{"line":164,"column":6},"end":{"line":183,"column":9}},"56":{"start":{"line":165,"column":25},"end":{"line":165,"column":73}},"57":{"start":{"line":167,"column":8},"end":{"line":175,"column":11}},"58":{"start":{"line":177,"column":26},"end":{"line":177,"column":57}},"59":{"start":{"line":178,"column":36},"end":{"line":178,"column":113}},"60":{"start":{"line":178,"column":64},"end":{"line":178,"column":109}},"61":{"start":{"line":179,"column":8},"end":{"line":179,"column":37}},"62":{"start":{"line":181,"column":8},"end":{"line":181,"column":27}},"63":{"start":{"line":182,"column":8},"end":{"line":182,"column":20}},"64":{"start":{"line":187,"column":2},"end":{"line":187,"column":14}}},"fnMap":{"0":{"name":"(anonymous_0)","decl":{"start":{"line":11,"column":17},"end":{"line":11,"column":18}},"loc":{"start":{"line":11,"column":54},"end":{"line":188,"column":1}},"line":11},"1":{"name":"(anonymous_1)","decl":{"start":{"line":16,"column":32},"end":{"line":16,"column":33}},"loc":{"start":{"line":16,"column":44},"end":{"line":25,"column":3}},"line":16},"2":{"name":"(anonymous_2)","decl":{"start":{"line":31,"column":26},"end":{"line":31,"column":27}},"loc":{"start":{"line":31,"column":35},"end":{"line":43,"column":3}},"line":31},"3":{"name":"(anonymous_3)","decl":{"start":{"line":32,"column":61},"end":{"line":32,"column":62}},"loc":{"start":{"line":32,"column":67},"end":{"line":39,"column":5}},"line":32},"4":{"name":"(anonymous_4)","decl":{"start":{"line":39,"column":13},"end":{"line":39,"column":14}},"loc":{"start":{"line":39,"column":22},"end":{"line":42,"column":5}},"line":39},"5":{"name":"(anonymous_5)","decl":{"start":{"line":50,"column":31},"end":{"line":50,"column":32}},"loc":{"start":{"line":50,"column":47},"end":{"line":73,"column":3}},"line":50},"6":{"name":"(anonymous_6)","decl":{"start":{"line":51,"column":23},"end":{"line":51,"column":24}},"loc":{"start":{"line":51,"column":44},"end":{"line":72,"column":5}},"line":51},"7":{"name":"(anonymous_7)","decl":{"start":{"line":52,"column":41},"end":{"line":52,"column":42}},"loc":{"start":{"line":52,"column":53},"end":{"line":63,"column":7}},"line":52},"8":{"name":"(anonymous_8)","decl":{"start":{"line":63,"column":14},"end":{"line":63,"column":15}},"loc":{"start":{"line":63,"column":23},"end":{"line":69,"column":7}},"line":63},"9":{"name":"(anonymous_9)","decl":{"start":{"line":69,"column":15},"end":{"line":69,"column":16}},"loc":{"start":{"line":69,"column":26},"end":{"line":71,"column":7}},"line":69},"10":{"name":"(anonymous_10)","decl":{"start":{"line":80,"column":23},"end":{"line":80,"column":24}},"loc":{"start":{"line":80,"column":39},"end":{"line":99,"column":3}},"line":80},"11":{"name":"(anonymous_11)","decl":{"start":{"line":81,"column":23},"end":{"line":81,"column":24}},"loc":{"start":{"line":81,"column":44},"end":{"line":98,"column":5}},"line":81},"12":{"name":"(anonymous_12)","decl":{"start":{"line":82,"column":41},"end":{"line":82,"column":42}},"loc":{"start":{"line":82,"column":53},"end":{"line":97,"column":7}},"line":82},"13":{"name":"(anonymous_13)","decl":{"start":{"line":91,"column":16},"end":{"line":91,"column":17}},"loc":{"start":{"line":91,"column":25},"end":{"line":94,"column":9}},"line":91},"14":{"name":"(anonymous_14)","decl":{"start":{"line":92,"column":43},"end":{"line":92,"column":44}},"loc":{"start":{"line":92,"column":73},"end":{"line":92,"column":103}},"line":92},"15":{"name":"(anonymous_15)","decl":{"start":{"line":94,"column":17},"end":{"line":94,"column":18}},"loc":{"start":{"line":94,"column":28},"end":{"line":96,"column":9}},"line":94},"16":{"name":"(anonymous_16)","decl":{"start":{"line":108,"column":34},"end":{"line":108,"column":35}},"loc":{"start":{"line":111,"column":21},"end":{"line":131,"column":3}},"line":111},"17":{"name":"(anonymous_17)","decl":{"start":{"line":112,"column":23},"end":{"line":112,"column":24}},"loc":{"start":{"line":112,"column":44},"end":{"line":130,"column":5}},"line":112},"18":{"name":"(anonymous_18)","decl":{"start":{"line":113,"column":41},"end":{"line":113,"column":42}},"loc":{"start":{"line":113,"column":53},"end":{"line":125,"column":7}},"line":113},"19":{"name":"(anonymous_19)","decl":{"start":{"line":125,"column":14},"end":{"line":125,"column":15}},"loc":{"start":{"line":125,"column":23},"end":{"line":127,"column":7}},"line":125},"20":{"name":"(anonymous_20)","decl":{"start":{"line":127,"column":15},"end":{"line":127,"column":16}},"loc":{"start":{"line":127,"column":24},"end":{"line":129,"column":7}},"line":127},"21":{"name":"(anonymous_21)","decl":{"start":{"line":137,"column":22},"end":{"line":137,"column":23}},"loc":{"start":{"line":137,"column":28},"end":{"line":150,"column":3}},"line":137},"22":{"name":"(anonymous_22)","decl":{"start":{"line":138,"column":23},"end":{"line":138,"column":24}},"loc":{"start":{"line":138,"column":44},"end":{"line":149,"column":5}},"line":138},"23":{"name":"(anonymous_23)","decl":{"start":{"line":139,"column":48},"end":{"line":139,"column":49}},"loc":{"start":{"line":139,"column":60},"end":{"line":143,"column":7}},"line":139},"24":{"name":"(anonymous_24)","decl":{"start":{"line":143,"column":14},"end":{"line":143,"column":15}},"loc":{"start":{"line":143,"column":23},"end":{"line":148,"column":7}},"line":143},"25":{"name":"(anonymous_25)","decl":{"start":{"line":144,"column":41},"end":{"line":144,"column":42}},"loc":{"start":{"line":144,"column":51},"end":{"line":146,"column":9}},"line":144},"26":{"name":"(anonymous_26)","decl":{"start":{"line":148,"column":15},"end":{"line":148,"column":16}},"loc":{"start":{"line":148,"column":24},"end":{"line":148,"column":35}},"line":148},"27":{"name":"(anonymous_27)","decl":{"start":{"line":158,"column":22},"end":{"line":158,"column":23}},"loc":{"start":{"line":158,"column":51},"end":{"line":185,"column":3}},"line":158},"28":{"name":"(anonymous_28)","decl":{"start":{"line":159,"column":23},"end":{"line":159,"column":24}},"loc":{"start":{"line":159,"column":44},"end":{"line":184,"column":5}},"line":159},"29":{"name":"(anonymous_29)","decl":{"start":{"line":164,"column":41},"end":{"line":164,"column":42}},"loc":{"start":{"line":164,"column":53},"end":{"line":176,"column":7}},"line":164},"30":{"name":"(anonymous_30)","decl":{"start":{"line":176,"column":14},"end":{"line":176,"column":15}},"loc":{"start":{"line":176,"column":23},"end":{"line":180,"column":7}},"line":176},"31":{"name":"(anonymous_31)","decl":{"start":{"line":178,"column":50},"end":{"line":178,"column":51}},"loc":{"start":{"line":178,"column":64},"end":{"line":178,"column":109}},"line":178},"32":{"name":"(anonymous_32)","decl":{"start":{"line":180,"column":15},"end":{"line":180,"column":16}},"loc":{"start":{"line":180,"column":24},"end":{"line":183,"column":7}},"line":180}},"branchMap":{"0":{"loc":{"start":{"line":92,"column":24},"end":{"line":92,"column":111}},"type":"binary-expr","locations":[{"start":{"line":92,"column":24},"end":{"line":92,"column":105}},{"start":{"line":92,"column":109},"end":{"line":92,"column":111}}],"line":92},"1":{"loc":{"start":{"line":109,"column":6},"end":{"line":109,"column":38}},"type":"default-arg","locations":[{"start":{"line":109,"column":16},"end":{"line":109,"column":38}}],"line":109},"2":{"loc":{"start":{"line":110,"column":6},"end":{"line":110,"column":50}},"type":"default-arg","locations":[{"start":{"line":110,"column":16},"end":{"line":110,"column":50}}],"line":110},"3":{"loc":{"start":{"line":144,"column":22},"end":{"line":146,"column":16}},"type":"binary-expr","locations":[{"start":{"line":144,"column":22},"end":{"line":146,"column":10}},{"start":{"line":146,"column":14},"end":{"line":146,"column":16}}],"line":144},"4":{"loc":{"start":{"line":145,"column":41},"end":{"line":145,"column":77}},"type":"binary-expr","locations":[{"start":{"line":145,"column":41},"end":{"line":145,"column":61}},{"start":{"line":145,"column":65},"end":{"line":145,"column":77}}],"line":145},"5":{"loc":{"start":{"line":160,"column":6},"end":{"line":162,"column":7}},"type":"if","locations":[{"start":{"line":160,"column":6},"end":{"line":162,"column":7}},{"start":{"line":160,"column":6},"end":{"line":162,"column":7}}],"line":160},"6":{"loc":{"start":{"line":160,"column":10},"end":{"line":160,"column":37}},"type":"binary-expr","locations":[{"start":{"line":160,"column":10},"end":{"line":160,"column":28}},{"start":{"line":160,"column":32},"end":{"line":160,"column":37}}],"line":160}},"s":{"0":20,"1":20,"2":20,"3":20,"4":51,"5":12,"6":12,"7":11,"8":11,"9":1,"10":51,"11":1,"12":0,"13":0,"14":0,"15":0,"16":51,"17":2,"18":2,"19":2,"20":2,"21":1,"22":1,"23":1,"24":1,"25":1,"26":51,"27":2,"28":2,"29":2,"30":2,"31":1,"32":3,"33":1,"34":1,"35":51,"36":2,"37":2,"38":2,"39":2,"40":2,"41":1,"42":51,"43":2,"44":2,"45":2,"46":2,"47":2,"48":4,"49":2,"50":0,"51":51,"52":2,"53":2,"54":1,"55":2,"56":2,"57":2,"58":2,"59":2,"60":2,"61":2,"62":0,"63":0,"64":51},"f":{"0":51,"1":12,"2":1,"3":0,"4":0,"5":2,"6":2,"7":2,"8":1,"9":1,"10":2,"11":2,"12":2,"13":1,"14":3,"15":1,"16":2,"17":2,"18":2,"19":2,"20":1,"21":2,"22":2,"23":2,"24":2,"25":4,"26":0,"27":2,"28":2,"29":2,"30":2,"31":2,"32":0},"b":{"0":[1,0],"1":[0],"2":[0],"3":[2,0],"4":[4,4],"5":[1,1],"6":[2,1]},"_coverageSchema":"1a1c01bbd47fc00a2c39e90264f33305004495a9","hash":"135a7fd24b7ad2aaf7b04e50c5c86f7ff88fdfda"}
,"/Users/oliver/WebstormProjects/ase-pda-project3/app/services/api/gcalendar/gcalendar.util.js": {"path":"/Users/oliver/WebstormProjects/ase-pda-project3/app/services/api/gcalendar/gcalendar.util.js","statementMap":{"0":{"start":{"line":1,"column":15},"end":{"line":1,"column":32}},"1":{"start":{"line":24,"column":17},"end":{"line":28,"column":1}},"2":{"start":{"line":25,"column":2},"end":{"line":27,"column":3}},"3":{"start":{"line":25,"column":15},"end":{"line":25,"column":16}},"4":{"start":{"line":26,"column":4},"end":{"line":26,"column":29}},"5":{"start":{"line":36,"column":24},"end":{"line":58,"column":1}},"6":{"start":{"line":37,"column":20},"end":{"line":37,"column":42}},"7":{"start":{"line":39,"column":2},"end":{"line":57,"column":3}},"8":{"start":{"line":40,"column":4},"end":{"line":49,"column":6}},"9":{"start":{"line":51,"column":4},"end":{"line":56,"column":6}},"10":{"start":{"line":65,"column":19},"end":{"line":85,"column":1}},"11":{"start":{"line":66,"column":20},"end":{"line":66,"column":22}},"12":{"start":{"line":68,"column":2},"end":{"line":82,"column":3}},"13":{"start":{"line":70,"column":6},"end":{"line":73,"column":9}},"14":{"start":{"line":74,"column":6},"end":{"line":74,"column":12}},"15":{"start":{"line":76,"column":6},"end":{"line":76,"column":55}},"16":{"start":{"line":77,"column":6},"end":{"line":77,"column":12}},"17":{"start":{"line":79,"column":6},"end":{"line":81,"column":9}},"18":{"start":{"line":80,"column":8},"end":{"line":80,"column":64}},"19":{"start":{"line":84,"column":2},"end":{"line":84,"column":19}},"20":{"start":{"line":94,"column":32},"end":{"line":110,"column":1}},"21":{"start":{"line":95,"column":16},"end":{"line":97,"column":34}},"22":{"start":{"line":99,"column":21},"end":{"line":99,"column":47}},"23":{"start":{"line":101,"column":2},"end":{"line":109,"column":3}},"24":{"start":{"line":102,"column":4},"end":{"line":102,"column":22}},"25":{"start":{"line":104,"column":26},"end":{"line":106,"column":44}},"26":{"start":{"line":108,"column":4},"end":{"line":108,"column":46}},"27":{"start":{"line":112,"column":0},"end":{"line":112,"column":84}}},"fnMap":{"0":{"name":"(anonymous_0)","decl":{"start":{"line":24,"column":17},"end":{"line":24,"column":18}},"loc":{"start":{"line":24,"column":32},"end":{"line":28,"column":1}},"line":24},"1":{"name":"(anonymous_1)","decl":{"start":{"line":36,"column":24},"end":{"line":36,"column":25}},"loc":{"start":{"line":36,"column":54},"end":{"line":58,"column":1}},"line":36},"2":{"name":"(anonymous_2)","decl":{"start":{"line":65,"column":19},"end":{"line":65,"column":20}},"loc":{"start":{"line":65,"column":34},"end":{"line":85,"column":1}},"line":65},"3":{"name":"(anonymous_3)","decl":{"start":{"line":79,"column":26},"end":{"line":79,"column":27}},"loc":{"start":{"line":79,"column":45},"end":{"line":81,"column":7}},"line":79},"4":{"name":"(anonymous_4)","decl":{"start":{"line":94,"column":32},"end":{"line":94,"column":33}},"loc":{"start":{"line":94,"column":74},"end":{"line":110,"column":1}},"line":94}},"branchMap":{"0":{"loc":{"start":{"line":36,"column":35},"end":{"line":36,"column":49}},"type":"default-arg","locations":[{"start":{"line":36,"column":41},"end":{"line":36,"column":49}}],"line":36},"1":{"loc":{"start":{"line":39,"column":2},"end":{"line":57,"column":3}},"type":"if","locations":[{"start":{"line":39,"column":2},"end":{"line":57,"column":3}},{"start":{"line":39,"column":2},"end":{"line":57,"column":3}}],"line":39},"2":{"loc":{"start":{"line":68,"column":2},"end":{"line":82,"column":3}},"type":"switch","locations":[{"start":{"line":69,"column":4},"end":{"line":74,"column":12}},{"start":{"line":75,"column":4},"end":{"line":77,"column":12}},{"start":{"line":78,"column":4},"end":{"line":81,"column":9}}],"line":68},"3":{"loc":{"start":{"line":94,"column":55},"end":{"line":94,"column":69}},"type":"default-arg","locations":[{"start":{"line":94,"column":61},"end":{"line":94,"column":69}}],"line":94},"4":{"loc":{"start":{"line":95,"column":16},"end":{"line":97,"column":34}},"type":"cond-expr","locations":[{"start":{"line":96,"column":6},"end":{"line":96,"column":30}},{"start":{"line":97,"column":6},"end":{"line":97,"column":34}}],"line":95},"5":{"loc":{"start":{"line":101,"column":2},"end":{"line":109,"column":3}},"type":"if","locations":[{"start":{"line":101,"column":2},"end":{"line":109,"column":3}},{"start":{"line":101,"column":2},"end":{"line":109,"column":3}}],"line":101},"6":{"loc":{"start":{"line":104,"column":26},"end":{"line":106,"column":44}},"type":"cond-expr","locations":[{"start":{"line":105,"column":8},"end":{"line":105,"column":40}},{"start":{"line":106,"column":8},"end":{"line":106,"column":44}}],"line":104}},"s":{"0":21,"1":21,"2":4,"3":4,"4":2,"5":21,"6":7,"7":7,"8":5,"9":2,"10":21,"11":6,"12":6,"13":1,"14":1,"15":4,"16":4,"17":1,"18":1,"19":6,"20":21,"21":5,"22":5,"23":5,"24":3,"25":2,"26":2,"27":21},"f":{"0":4,"1":7,"2":6,"3":1,"4":5},"b":{"0":[4],"1":[5,2],"2":[1,4,1],"3":[1],"4":[2,3],"5":[3,2],"6":[2,0]},"_coverageSchema":"1a1c01bbd47fc00a2c39e90264f33305004495a9","hash":"d8cdcf03154bce9ae7474926c763266acf9380c7"}
,"/Users/oliver/WebstormProjects/ase-pda-project3/app/services/api/gmaps/gmaps.js": {"path":"/Users/oliver/WebstormProjects/ase-pda-project3/app/services/api/gmaps/gmaps.js","statementMap":{"0":{"start":{"line":1,"column":14},"end":{"line":1,"column":30}},"1":{"start":{"line":2,"column":19},"end":{"line":2,"column":42}},"2":{"start":{"line":3,"column":0},"end":{"line":3,"column":64}},"3":{"start":{"line":4,"column":21},"end":{"line":4,"column":44}},"4":{"start":{"line":15,"column":0},"end":{"line":39,"column":2}},"5":{"start":{"line":16,"column":2},"end":{"line":38,"column":5}},"6":{"start":{"line":17,"column":4},"end":{"line":37,"column":11}},"7":{"start":{"line":20,"column":27},"end":{"line":20,"column":72}},"8":{"start":{"line":21,"column":27},"end":{"line":21,"column":72}},"9":{"start":{"line":22,"column":32},"end":{"line":22,"column":95}},"10":{"start":{"line":25,"column":24},"end":{"line":29,"column":12}},"11":{"start":{"line":27,"column":29},"end":{"line":27,"column":51}},"12":{"start":{"line":28,"column":12},"end":{"line":28,"column":51}},"13":{"start":{"line":31,"column":10},"end":{"line":31,"column":98}},"14":{"start":{"line":35,"column":10},"end":{"line":35,"column":31}},"15":{"start":{"line":36,"column":10},"end":{"line":36,"column":24}},"16":{"start":{"line":41,"column":0},"end":{"line":54,"column":2}},"17":{"start":{"line":42,"column":14},"end":{"line":42,"column":61}},"18":{"start":{"line":44,"column":23},"end":{"line":47,"column":3}},"19":{"start":{"line":48,"column":2},"end":{"line":50,"column":3}},"20":{"start":{"line":49,"column":4},"end":{"line":49,"column":42}},"21":{"start":{"line":52,"column":17},"end":{"line":52,"column":50}},"22":{"start":{"line":53,"column":2},"end":{"line":53,"column":22}}},"fnMap":{"0":{"name":"(anonymous_0)","decl":{"start":{"line":15,"column":31},"end":{"line":15,"column":32}},"loc":{"start":{"line":15,"column":43},"end":{"line":39,"column":1}},"line":15},"1":{"name":"(anonymous_1)","decl":{"start":{"line":16,"column":21},"end":{"line":16,"column":22}},"loc":{"start":{"line":16,"column":42},"end":{"line":38,"column":3}},"line":16},"2":{"name":"(anonymous_2)","decl":{"start":{"line":18,"column":14},"end":{"line":18,"column":15}},"loc":{"start":{"line":18,"column":28},"end":{"line":32,"column":9}},"line":18},"3":{"name":"(anonymous_3)","decl":{"start":{"line":25,"column":66},"end":{"line":25,"column":67}},"loc":{"start":{"line":25,"column":76},"end":{"line":29,"column":11}},"line":25},"4":{"name":"(anonymous_4)","decl":{"start":{"line":33,"column":15},"end":{"line":33,"column":16}},"loc":{"start":{"line":33,"column":26},"end":{"line":37,"column":9}},"line":33},"5":{"name":"(anonymous_5)","decl":{"start":{"line":41,"column":45},"end":{"line":41,"column":46}},"loc":{"start":{"line":41,"column":78},"end":{"line":54,"column":1}},"line":41}},"branchMap":{"0":{"loc":{"start":{"line":41,"column":59},"end":{"line":41,"column":73}},"type":"default-arg","locations":[{"start":{"line":41,"column":69},"end":{"line":41,"column":73}}],"line":41},"1":{"loc":{"start":{"line":48,"column":2},"end":{"line":50,"column":3}},"type":"if","locations":[{"start":{"line":48,"column":2},"end":{"line":50,"column":3}},{"start":{"line":48,"column":2},"end":{"line":50,"column":3}}],"line":48}},"s":{"0":12,"1":12,"2":12,"3":12,"4":12,"5":6,"6":6,"7":6,"8":5,"9":5,"10":5,"11":1120,"12":1120,"13":5,"14":1,"15":1,"16":12,"17":1,"18":1,"19":1,"20":0,"21":1,"22":1},"f":{"0":6,"1":6,"2":6,"3":1120,"4":1,"5":1},"b":{"0":[1],"1":[0,1]},"_coverageSchema":"1a1c01bbd47fc00a2c39e90264f33305004495a9","hash":"30e0caa9aa3b761180d3b4c11276fdd7cbd0703a"}
,"/Users/oliver/WebstormProjects/ase-pda-project3/app/services/api/gmaps/gmaps.util.js": {"path":"/Users/oliver/WebstormProjects/ase-pda-project3/app/services/api/gmaps/gmaps.util.js","statementMap":{"0":{"start":{"line":1,"column":17},"end":{"line":19,"column":1}},"1":{"start":{"line":3,"column":14},"end":{"line":3,"column":78}},"2":{"start":{"line":5,"column":15},"end":{"line":11,"column":3}},"3":{"start":{"line":13,"column":2},"end":{"line":15,"column":3}},"4":{"start":{"line":14,"column":4},"end":{"line":14,"column":45}},"5":{"start":{"line":17,"column":2},"end":{"line":17,"column":39}},"6":{"start":{"line":18,"column":2},"end":{"line":18,"column":22}},"7":{"start":{"line":20,"column":0},"end":{"line":20,"column":30}}},"fnMap":{"0":{"name":"(anonymous_0)","decl":{"start":{"line":1,"column":17},"end":{"line":1,"column":18}},"loc":{"start":{"line":1,"column":29},"end":{"line":19,"column":1}},"line":1}},"branchMap":{"0":{"loc":{"start":{"line":6,"column":12},"end":{"line":6,"column":31}},"type":"binary-expr","locations":[{"start":{"line":6,"column":12},"end":{"line":6,"column":25}},{"start":{"line":6,"column":29},"end":{"line":6,"column":31}}],"line":6},"1":{"loc":{"start":{"line":7,"column":17},"end":{"line":7,"column":41}},"type":"binary-expr","locations":[{"start":{"line":7,"column":17},"end":{"line":7,"column":35}},{"start":{"line":7,"column":39},"end":{"line":7,"column":41}}],"line":7},"2":{"loc":{"start":{"line":8,"column":10},"end":{"line":8,"column":40}},"type":"binary-expr","locations":[{"start":{"line":8,"column":10},"end":{"line":8,"column":27}},{"start":{"line":8,"column":31},"end":{"line":8,"column":40}}],"line":8},"3":{"loc":{"start":{"line":13,"column":2},"end":{"line":15,"column":3}},"type":"if","locations":[{"start":{"line":13,"column":2},"end":{"line":15,"column":3}},{"start":{"line":13,"column":2},"end":{"line":15,"column":3}}],"line":13}},"s":{"0":12,"1":7,"2":7,"3":7,"4":0,"5":7,"6":7,"7":12},"f":{"0":7},"b":{"0":[7,1],"1":[7,1],"2":[7,7],"3":[0,7]},"_coverageSchema":"1a1c01bbd47fc00a2c39e90264f33305004495a9","hash":"d5b26bc6f7c63ba433883e5a7471256008aca262"}
,"/Users/oliver/WebstormProjects/ase-pda-project3/app/services/api/gplaces/gplaces.error.js": {"path":"/Users/oliver/WebstormProjects/ase-pda-project3/app/services/api/gplaces/gplaces.error.js","statementMap":{"0":{"start":{"line":1,"column":20},"end":{"line":1,"column":46}},"1":{"start":{"line":5,"column":16},"end":{"line":5,"column":48}},"2":{"start":{"line":6,"column":2},"end":{"line":6,"column":28}},"3":{"start":{"line":7,"column":2},"end":{"line":7,"column":15}},"4":{"start":{"line":12,"column":16},"end":{"line":12,"column":48}},"5":{"start":{"line":13,"column":2},"end":{"line":13,"column":24}},"6":{"start":{"line":14,"column":2},"end":{"line":14,"column":15}},"7":{"start":{"line":17,"column":0},"end":{"line":17,"column":68}}},"fnMap":{"0":{"name":"GPlacesApiError","decl":{"start":{"line":4,"column":9},"end":{"line":4,"column":24}},"loc":{"start":{"line":4,"column":44},"end":{"line":8,"column":1}},"line":4},"1":{"name":"GPlacesInvalidParametersError","decl":{"start":{"line":11,"column":9},"end":{"line":11,"column":38}},"loc":{"start":{"line":11,"column":56},"end":{"line":15,"column":1}},"line":11}},"branchMap":{},"s":{"0":33,"1":3,"2":3,"3":3,"4":3,"5":3,"6":3,"7":33},"f":{"0":3,"1":3},"b":{},"_coverageSchema":"1a1c01bbd47fc00a2c39e90264f33305004495a9","hash":"28b8d812a7596c2107dddb5867cf90c4387cd495"}
,"/Users/oliver/WebstormProjects/ase-pda-project3/app/services/api/gplaces/gplaces.js": {"path":"/Users/oliver/WebstormProjects/ase-pda-project3/app/services/api/gplaces/gplaces.js","statementMap":{"0":{"start":{"line":1,"column":14},"end":{"line":1,"column":30}},"1":{"start":{"line":2,"column":15},"end":{"line":2,"column":32}},"2":{"start":{"line":3,"column":30},"end":{"line":3,"column":87}},"3":{"start":{"line":4,"column":34},"end":{"line":4,"column":94}},"4":{"start":{"line":5,"column":36},"end":{"line":5,"column":98}},"5":{"start":{"line":6,"column":10},"end":{"line":6,"column":36}},"6":{"start":{"line":9,"column":0},"end":{"line":143,"column":2}},"7":{"start":{"line":10,"column":2},"end":{"line":37,"column":4}},"8":{"start":{"line":11,"column":4},"end":{"line":36,"column":7}},"9":{"start":{"line":12,"column":6},"end":{"line":35,"column":13}},"10":{"start":{"line":18,"column":8},"end":{"line":30,"column":9}},"11":{"start":{"line":19,"column":10},"end":{"line":19,"column":28}},"12":{"start":{"line":20,"column":15},"end":{"line":30,"column":9}},"13":{"start":{"line":21,"column":10},"end":{"line":21,"column":85}},"14":{"start":{"line":22,"column":22},"end":{"line":22,"column":98}},"15":{"start":{"line":23,"column":10},"end":{"line":23,"column":29}},"16":{"start":{"line":24,"column":10},"end":{"line":24,"column":22}},"17":{"start":{"line":26,"column":10},"end":{"line":26,"column":71}},"18":{"start":{"line":27,"column":22},"end":{"line":27,"column":96}},"19":{"start":{"line":28,"column":10},"end":{"line":28,"column":29}},"20":{"start":{"line":29,"column":10},"end":{"line":29,"column":22}},"21":{"start":{"line":33,"column":12},"end":{"line":33,"column":31}},"22":{"start":{"line":34,"column":12},"end":{"line":34,"column":52}},"23":{"start":{"line":39,"column":2},"end":{"line":59,"column":4}},"24":{"start":{"line":40,"column":4},"end":{"line":58,"column":7}},"25":{"start":{"line":41,"column":6},"end":{"line":57,"column":7}},"26":{"start":{"line":42,"column":8},"end":{"line":48,"column":15}},"27":{"start":{"line":44,"column":14},"end":{"line":44,"column":27}},"28":{"start":{"line":47,"column":14},"end":{"line":47,"column":26}},"29":{"start":{"line":50,"column":8},"end":{"line":56,"column":15}},"30":{"start":{"line":52,"column":14},"end":{"line":52,"column":27}},"31":{"start":{"line":55,"column":14},"end":{"line":55,"column":26}},"32":{"start":{"line":61,"column":2},"end":{"line":88,"column":4}},"33":{"start":{"line":62,"column":4},"end":{"line":87,"column":7}},"34":{"start":{"line":63,"column":6},"end":{"line":86,"column":13}},"35":{"start":{"line":65,"column":12},"end":{"line":65,"column":64}},"36":{"start":{"line":66,"column":12},"end":{"line":66,"column":67}},"37":{"start":{"line":67,"column":12},"end":{"line":67,"column":62}},"38":{"start":{"line":68,"column":12},"end":{"line":68,"column":64}},"39":{"start":{"line":69,"column":12},"end":{"line":69,"column":67}},"40":{"start":{"line":70,"column":12},"end":{"line":70,"column":62}},"41":{"start":{"line":71,"column":12},"end":{"line":81,"column":15}},"42":{"start":{"line":72,"column":14},"end":{"line":80,"column":15}},"43":{"start":{"line":73,"column":36},"end":{"line":73,"column":66}},"44":{"start":{"line":74,"column":36},"end":{"line":74,"column":67}},"45":{"start":{"line":75,"column":16},"end":{"line":79,"column":17}},"46":{"start":{"line":76,"column":18},"end":{"line":76,"column":32}},"47":{"start":{"line":78,"column":18},"end":{"line":78,"column":32}},"48":{"start":{"line":82,"column":12},"end":{"line":82,"column":26}},"49":{"start":{"line":85,"column":12},"end":{"line":85,"column":24}},"50":{"start":{"line":89,"column":2},"end":{"line":115,"column":4}},"51":{"start":{"line":90,"column":4},"end":{"line":114,"column":7}},"52":{"start":{"line":91,"column":6},"end":{"line":91,"column":46}},"53":{"start":{"line":92,"column":6},"end":{"line":95,"column":7}},"54":{"start":{"line":93,"column":8},"end":{"line":93,"column":38}},"55":{"start":{"line":94,"column":8},"end":{"line":94,"column":28}},"56":{"start":{"line":96,"column":6},"end":{"line":113,"column":9}},"57":{"start":{"line":97,"column":8},"end":{"line":109,"column":9}},"58":{"start":{"line":98,"column":10},"end":{"line":98,"column":28}},"59":{"start":{"line":99,"column":15},"end":{"line":109,"column":9}},"60":{"start":{"line":100,"column":10},"end":{"line":100,"column":85}},"61":{"start":{"line":101,"column":22},"end":{"line":101,"column":104}},"62":{"start":{"line":102,"column":10},"end":{"line":102,"column":29}},"63":{"start":{"line":103,"column":10},"end":{"line":103,"column":22}},"64":{"start":{"line":105,"column":10},"end":{"line":105,"column":71}},"65":{"start":{"line":106,"column":22},"end":{"line":106,"column":96}},"66":{"start":{"line":107,"column":10},"end":{"line":107,"column":29}},"67":{"start":{"line":108,"column":10},"end":{"line":108,"column":22}},"68":{"start":{"line":111,"column":8},"end":{"line":111,"column":44}},"69":{"start":{"line":112,"column":8},"end":{"line":112,"column":48}},"70":{"start":{"line":117,"column":2},"end":{"line":141,"column":4}},"71":{"start":{"line":118,"column":4},"end":{"line":140,"column":7}},"72":{"start":{"line":119,"column":6},"end":{"line":119,"column":46}},"73":{"start":{"line":120,"column":6},"end":{"line":139,"column":13}},"74":{"start":{"line":122,"column":12},"end":{"line":134,"column":13}},"75":{"start":{"line":123,"column":14},"end":{"line":123,"column":32}},"76":{"start":{"line":124,"column":19},"end":{"line":134,"column":13}},"77":{"start":{"line":125,"column":14},"end":{"line":125,"column":89}},"78":{"start":{"line":126,"column":26},"end":{"line":126,"column":108}},"79":{"start":{"line":127,"column":14},"end":{"line":127,"column":33}},"80":{"start":{"line":128,"column":14},"end":{"line":128,"column":26}},"81":{"start":{"line":130,"column":14},"end":{"line":130,"column":75}},"82":{"start":{"line":131,"column":26},"end":{"line":131,"column":100}},"83":{"start":{"line":132,"column":14},"end":{"line":132,"column":33}},"84":{"start":{"line":133,"column":14},"end":{"line":133,"column":26}},"85":{"start":{"line":137,"column":12},"end":{"line":137,"column":48}},"86":{"start":{"line":138,"column":12},"end":{"line":138,"column":52}},"87":{"start":{"line":142,"column":2},"end":{"line":142,"column":14}}},"fnMap":{"0":{"name":"(anonymous_0)","decl":{"start":{"line":9,"column":17},"end":{"line":9,"column":18}},"loc":{"start":{"line":9,"column":29},"end":{"line":143,"column":1}},"line":9},"1":{"name":"(anonymous_1)","decl":{"start":{"line":10,"column":22},"end":{"line":10,"column":23}},"loc":{"start":{"line":10,"column":30},"end":{"line":37,"column":3}},"line":10},"2":{"name":"(anonymous_2)","decl":{"start":{"line":11,"column":23},"end":{"line":11,"column":24}},"loc":{"start":{"line":11,"column":44},"end":{"line":36,"column":5}},"line":11},"3":{"name":"(anonymous_3)","decl":{"start":{"line":17,"column":14},"end":{"line":17,"column":15}},"loc":{"start":{"line":17,"column":23},"end":{"line":31,"column":7}},"line":17},"4":{"name":"(anonymous_4)","decl":{"start":{"line":32,"column":17},"end":{"line":32,"column":18}},"loc":{"start":{"line":32,"column":26},"end":{"line":35,"column":11}},"line":32},"5":{"name":"(anonymous_5)","decl":{"start":{"line":39,"column":19},"end":{"line":39,"column":20}},"loc":{"start":{"line":39,"column":31},"end":{"line":59,"column":3}},"line":39},"6":{"name":"(anonymous_6)","decl":{"start":{"line":40,"column":23},"end":{"line":40,"column":24}},"loc":{"start":{"line":40,"column":44},"end":{"line":58,"column":5}},"line":40},"7":{"name":"(anonymous_7)","decl":{"start":{"line":43,"column":18},"end":{"line":43,"column":19}},"loc":{"start":{"line":43,"column":27},"end":{"line":45,"column":13}},"line":43},"8":{"name":"(anonymous_8)","decl":{"start":{"line":46,"column":19},"end":{"line":46,"column":20}},"loc":{"start":{"line":46,"column":28},"end":{"line":48,"column":13}},"line":46},"9":{"name":"(anonymous_9)","decl":{"start":{"line":51,"column":18},"end":{"line":51,"column":19}},"loc":{"start":{"line":51,"column":27},"end":{"line":53,"column":13}},"line":51},"10":{"name":"(anonymous_10)","decl":{"start":{"line":54,"column":19},"end":{"line":54,"column":20}},"loc":{"start":{"line":54,"column":28},"end":{"line":56,"column":13}},"line":54},"11":{"name":"(anonymous_11)","decl":{"start":{"line":61,"column":21},"end":{"line":61,"column":22}},"loc":{"start":{"line":61,"column":35},"end":{"line":88,"column":3}},"line":61},"12":{"name":"(anonymous_12)","decl":{"start":{"line":62,"column":23},"end":{"line":62,"column":24}},"loc":{"start":{"line":62,"column":44},"end":{"line":87,"column":5}},"line":62},"13":{"name":"(anonymous_13)","decl":{"start":{"line":64,"column":16},"end":{"line":64,"column":17}},"loc":{"start":{"line":64,"column":25},"end":{"line":83,"column":11}},"line":64},"14":{"name":"(anonymous_14)","decl":{"start":{"line":71,"column":53},"end":{"line":71,"column":54}},"loc":{"start":{"line":71,"column":65},"end":{"line":81,"column":13}},"line":71},"15":{"name":"(anonymous_15)","decl":{"start":{"line":84,"column":17},"end":{"line":84,"column":18}},"loc":{"start":{"line":84,"column":26},"end":{"line":86,"column":11}},"line":84},"16":{"name":"(anonymous_16)","decl":{"start":{"line":89,"column":25},"end":{"line":89,"column":26}},"loc":{"start":{"line":89,"column":37},"end":{"line":115,"column":3}},"line":89},"17":{"name":"(anonymous_17)","decl":{"start":{"line":90,"column":23},"end":{"line":90,"column":24}},"loc":{"start":{"line":90,"column":44},"end":{"line":114,"column":5}},"line":90},"18":{"name":"(anonymous_18)","decl":{"start":{"line":96,"column":62},"end":{"line":96,"column":63}},"loc":{"start":{"line":96,"column":71},"end":{"line":110,"column":7}},"line":96},"19":{"name":"(anonymous_19)","decl":{"start":{"line":110,"column":15},"end":{"line":110,"column":16}},"loc":{"start":{"line":110,"column":24},"end":{"line":113,"column":7}},"line":110},"20":{"name":"(anonymous_20)","decl":{"start":{"line":117,"column":25},"end":{"line":117,"column":26}},"loc":{"start":{"line":117,"column":37},"end":{"line":141,"column":3}},"line":117},"21":{"name":"(anonymous_21)","decl":{"start":{"line":118,"column":23},"end":{"line":118,"column":24}},"loc":{"start":{"line":118,"column":44},"end":{"line":140,"column":5}},"line":118},"22":{"name":"(anonymous_22)","decl":{"start":{"line":121,"column":16},"end":{"line":121,"column":17}},"loc":{"start":{"line":121,"column":25},"end":{"line":135,"column":11}},"line":121},"23":{"name":"(anonymous_23)","decl":{"start":{"line":136,"column":17},"end":{"line":136,"column":18}},"loc":{"start":{"line":136,"column":26},"end":{"line":139,"column":11}},"line":136}},"branchMap":{"0":{"loc":{"start":{"line":18,"column":8},"end":{"line":30,"column":9}},"type":"if","locations":[{"start":{"line":18,"column":8},"end":{"line":30,"column":9}},{"start":{"line":18,"column":8},"end":{"line":30,"column":9}}],"line":18},"1":{"loc":{"start":{"line":20,"column":15},"end":{"line":30,"column":9}},"type":"if","locations":[{"start":{"line":20,"column":15},"end":{"line":30,"column":9}},{"start":{"line":20,"column":15},"end":{"line":30,"column":9}}],"line":20},"2":{"loc":{"start":{"line":41,"column":6},"end":{"line":57,"column":7}},"type":"if","locations":[{"start":{"line":41,"column":6},"end":{"line":57,"column":7}},{"start":{"line":41,"column":6},"end":{"line":57,"column":7}}],"line":41},"3":{"loc":{"start":{"line":41,"column":10},"end":{"line":41,"column":49}},"type":"binary-expr","locations":[{"start":{"line":41,"column":10},"end":{"line":41,"column":30}},{"start":{"line":41,"column":34},"end":{"line":41,"column":49}}],"line":41},"4":{"loc":{"start":{"line":72,"column":14},"end":{"line":80,"column":15}},"type":"if","locations":[{"start":{"line":72,"column":14},"end":{"line":80,"column":15}},{"start":{"line":72,"column":14},"end":{"line":80,"column":15}}],"line":72},"5":{"loc":{"start":{"line":75,"column":16},"end":{"line":79,"column":17}},"type":"if","locations":[{"start":{"line":75,"column":16},"end":{"line":79,"column":17}},{"start":{"line":75,"column":16},"end":{"line":79,"column":17}}],"line":75},"6":{"loc":{"start":{"line":75,"column":20},"end":{"line":75,"column":111}},"type":"binary-expr","locations":[{"start":{"line":75,"column":20},"end":{"line":75,"column":46}},{"start":{"line":75,"column":50},"end":{"line":75,"column":76}},{"start":{"line":75,"column":80},"end":{"line":75,"column":111}}],"line":75},"7":{"loc":{"start":{"line":92,"column":6},"end":{"line":95,"column":7}},"type":"if","locations":[{"start":{"line":92,"column":6},"end":{"line":95,"column":7}},{"start":{"line":92,"column":6},"end":{"line":95,"column":7}}],"line":92},"8":{"loc":{"start":{"line":97,"column":8},"end":{"line":109,"column":9}},"type":"if","locations":[{"start":{"line":97,"column":8},"end":{"line":109,"column":9}},{"start":{"line":97,"column":8},"end":{"line":109,"column":9}}],"line":97},"9":{"loc":{"start":{"line":99,"column":15},"end":{"line":109,"column":9}},"type":"if","locations":[{"start":{"line":99,"column":15},"end":{"line":109,"column":9}},{"start":{"line":99,"column":15},"end":{"line":109,"column":9}}],"line":99},"10":{"loc":{"start":{"line":122,"column":12},"end":{"line":134,"column":13}},"type":"if","locations":[{"start":{"line":122,"column":12},"end":{"line":134,"column":13}},{"start":{"line":122,"column":12},"end":{"line":134,"column":13}}],"line":122},"11":{"loc":{"start":{"line":124,"column":19},"end":{"line":134,"column":13}},"type":"if","locations":[{"start":{"line":124,"column":19},"end":{"line":134,"column":13}},{"start":{"line":124,"column":19},"end":{"line":134,"column":13}}],"line":124}},"s":{"0":33,"1":33,"2":33,"3":33,"4":33,"5":33,"6":33,"7":49,"8":6,"9":6,"10":6,"11":4,"12":2,"13":1,"14":1,"15":1,"16":1,"17":1,"18":1,"19":1,"20":1,"21":0,"22":0,"23":49,"24":7,"25":7,"26":3,"27":3,"28":0,"29":4,"30":1,"31":0,"32":49,"33":4,"34":4,"35":4,"36":4,"37":4,"38":4,"39":4,"40":4,"41":4,"42":20,"43":3,"44":3,"45":3,"46":1,"47":2,"48":4,"49":0,"50":49,"51":5,"52":5,"53":5,"54":3,"55":3,"56":5,"57":5,"58":3,"59":2,"60":1,"61":1,"62":1,"63":1,"64":1,"65":1,"66":1,"67":1,"68":0,"69":0,"70":49,"71":6,"72":6,"73":6,"74":3,"75":1,"76":2,"77":1,"78":1,"79":1,"80":1,"81":1,"82":1,"83":1,"84":1,"85":0,"86":0,"87":49},"f":{"0":49,"1":6,"2":6,"3":6,"4":0,"5":7,"6":7,"7":3,"8":0,"9":1,"10":0,"11":4,"12":4,"13":4,"14":20,"15":0,"16":5,"17":5,"18":5,"19":0,"20":6,"21":6,"22":3,"23":0},"b":{"0":[4,2],"1":[1,1],"2":[3,4],"3":[7,3],"4":[3,17],"5":[1,2],"6":[3,3,2],"7":[3,2],"8":[3,2],"9":[1,1],"10":[1,2],"11":[1,1]},"_coverageSchema":"1a1c01bbd47fc00a2c39e90264f33305004495a9","hash":"2341ec8294f8ac1793fe842cb60056c51b04ac7a"}
,"/Users/oliver/WebstormProjects/ase-pda-project3/app/services/api/gsearch/gsearch.js": {"path":"/Users/oliver/WebstormProjects/ase-pda-project3/app/services/api/gsearch/gsearch.js","statementMap":{"0":{"start":{"line":1,"column":14},"end":{"line":1,"column":30}},"1":{"start":{"line":2,"column":0},"end":{"line":2,"column":27}},"2":{"start":{"line":4,"column":0},"end":{"line":28,"column":2}},"3":{"start":{"line":5,"column":2},"end":{"line":27,"column":5}},"4":{"start":{"line":7,"column":16},"end":{"line":7,"column":70}},"5":{"start":{"line":8,"column":19},"end":{"line":13,"column":6}},"6":{"start":{"line":14,"column":4},"end":{"line":26,"column":11}},"7":{"start":{"line":19,"column":10},"end":{"line":21,"column":27}},"8":{"start":{"line":20,"column":12},"end":{"line":20,"column":51}},"9":{"start":{"line":25,"column":10},"end":{"line":25,"column":24}}},"fnMap":{"0":{"name":"(anonymous_0)","decl":{"start":{"line":4,"column":34},"end":{"line":4,"column":35}},"loc":{"start":{"line":4,"column":45},"end":{"line":28,"column":1}},"line":4},"1":{"name":"(anonymous_1)","decl":{"start":{"line":5,"column":21},"end":{"line":5,"column":22}},"loc":{"start":{"line":5,"column":42},"end":{"line":27,"column":3}},"line":5},"2":{"name":"(anonymous_2)","decl":{"start":{"line":15,"column":14},"end":{"line":15,"column":15}},"loc":{"start":{"line":15,"column":28},"end":{"line":22,"column":9}},"line":15},"3":{"name":"(anonymous_3)","decl":{"start":{"line":19,"column":54},"end":{"line":19,"column":55}},"loc":{"start":{"line":19,"column":64},"end":{"line":21,"column":11}},"line":19},"4":{"name":"(anonymous_4)","decl":{"start":{"line":23,"column":15},"end":{"line":23,"column":16}},"loc":{"start":{"line":23,"column":26},"end":{"line":26,"column":9}},"line":23}},"branchMap":{},"s":{"0":2,"1":2,"2":2,"3":4,"4":4,"5":4,"6":4,"7":4,"8":9,"9":1},"f":{"0":4,"1":4,"2":4,"3":9,"4":1},"b":{},"_coverageSchema":"1a1c01bbd47fc00a2c39e90264f33305004495a9","hash":"6d5f39454a12f943bba66a0253409de8a4727839"}
,"/Users/oliver/WebstormProjects/ase-pda-project3/app/services/api/springer/springer.js": {"path":"/Users/oliver/WebstormProjects/ase-pda-project3/app/services/api/springer/springer.js","statementMap":{"0":{"start":{"line":1,"column":14},"end":{"line":1,"column":30}},"1":{"start":{"line":3,"column":25},"end":{"line":3,"column":70}},"2":{"start":{"line":10,"column":21},"end":{"line":23,"column":1}},"3":{"start":{"line":11,"column":2},"end":{"line":22,"column":5}},"4":{"start":{"line":12,"column":4},"end":{"line":21,"column":7}},"5":{"start":{"line":18,"column":6},"end":{"line":18,"column":24}},"6":{"start":{"line":20,"column":6},"end":{"line":20,"column":18}},"7":{"start":{"line":25,"column":0},"end":{"line":25,"column":34}}},"fnMap":{"0":{"name":"(anonymous_0)","decl":{"start":{"line":10,"column":21},"end":{"line":10,"column":22}},"loc":{"start":{"line":10,"column":32},"end":{"line":23,"column":1}},"line":10},"1":{"name":"(anonymous_1)","decl":{"start":{"line":11,"column":21},"end":{"line":11,"column":22}},"loc":{"start":{"line":11,"column":42},"end":{"line":22,"column":3}},"line":11},"2":{"name":"(anonymous_2)","decl":{"start":{"line":17,"column":12},"end":{"line":17,"column":13}},"loc":{"start":{"line":17,"column":21},"end":{"line":19,"column":5}},"line":17},"3":{"name":"(anonymous_3)","decl":{"start":{"line":19,"column":7},"end":{"line":19,"column":8}},"loc":{"start":{"line":19,"column":16},"end":{"line":21,"column":5}},"line":19}},"branchMap":{},"s":{"0":2,"1":2,"2":2,"3":2,"4":2,"5":1,"6":1,"7":2},"f":{"0":2,"1":2,"2":1,"3":1},"b":{},"_coverageSchema":"1a1c01bbd47fc00a2c39e90264f33305004495a9","hash":"1d1c448bdadab50d5b756582a86842eb2e04c3e5"}
,"/Users/oliver/WebstormProjects/ase-pda-project3/app/services/api/todo/todo.js": {"path":"/Users/oliver/WebstormProjects/ase-pda-project3/app/services/api/todo/todo.js","statementMap":{"0":{"start":{"line":1,"column":14},"end":{"line":1,"column":30}},"1":{"start":{"line":3,"column":0},"end":{"line":176,"column":2}},"2":{"start":{"line":4,"column":2},"end":{"line":47,"column":4}},"3":{"start":{"line":5,"column":4},"end":{"line":46,"column":7}},"4":{"start":{"line":6,"column":6},"end":{"line":45,"column":9}},"5":{"start":{"line":7,"column":8},"end":{"line":42,"column":9}},"6":{"start":{"line":8,"column":10},"end":{"line":39,"column":13}},"7":{"start":{"line":9,"column":12},"end":{"line":36,"column":13}},"8":{"start":{"line":10,"column":14},"end":{"line":33,"column":17}},"9":{"start":{"line":13,"column":30},"end":{"line":13,"column":44}},"10":{"start":{"line":14,"column":16},"end":{"line":23,"column":19}},"11":{"start":{"line":15,"column":32},"end":{"line":15,"column":64}},"12":{"start":{"line":16,"column":32},"end":{"line":16,"column":64}},"13":{"start":{"line":17,"column":18},"end":{"line":21,"column":19}},"14":{"start":{"line":18,"column":20},"end":{"line":18,"column":29}},"15":{"start":{"line":19,"column":25},"end":{"line":21,"column":19}},"16":{"start":{"line":20,"column":20},"end":{"line":20,"column":30}},"17":{"start":{"line":22,"column":18},"end":{"line":22,"column":27}},"18":{"start":{"line":24,"column":16},"end":{"line":24,"column":31}},"19":{"start":{"line":26,"column":16},"end":{"line":32,"column":17}},"20":{"start":{"line":27,"column":18},"end":{"line":29,"column":35}},"21":{"start":{"line":28,"column":20},"end":{"line":28,"column":64}},"22":{"start":{"line":31,"column":18},"end":{"line":31,"column":30}},"23":{"start":{"line":35,"column":14},"end":{"line":35,"column":66}},"24":{"start":{"line":38,"column":12},"end":{"line":38,"column":24}},"25":{"start":{"line":41,"column":10},"end":{"line":41,"column":58}},"26":{"start":{"line":44,"column":8},"end":{"line":44,"column":20}},"27":{"start":{"line":49,"column":2},"end":{"line":77,"column":4}},"28":{"start":{"line":50,"column":4},"end":{"line":76,"column":7}},"29":{"start":{"line":51,"column":6},"end":{"line":75,"column":9}},"30":{"start":{"line":52,"column":8},"end":{"line":72,"column":9}},"31":{"start":{"line":53,"column":10},"end":{"line":69,"column":13}},"32":{"start":{"line":58,"column":12},"end":{"line":58,"column":22}},"33":{"start":{"line":60,"column":12},"end":{"line":68,"column":13}},"34":{"start":{"line":61,"column":14},"end":{"line":65,"column":17}},"35":{"start":{"line":62,"column":16},"end":{"line":62,"column":68}},"36":{"start":{"line":64,"column":16},"end":{"line":64,"column":28}},"37":{"start":{"line":67,"column":14},"end":{"line":67,"column":26}},"38":{"start":{"line":71,"column":10},"end":{"line":71,"column":62}},"39":{"start":{"line":74,"column":8},"end":{"line":74,"column":20}},"40":{"start":{"line":79,"column":2},"end":{"line":104,"column":4}},"41":{"start":{"line":80,"column":4},"end":{"line":103,"column":7}},"42":{"start":{"line":81,"column":6},"end":{"line":102,"column":9}},"43":{"start":{"line":82,"column":28},"end":{"line":84,"column":35}},"44":{"start":{"line":85,"column":8},"end":{"line":99,"column":11}},"45":{"start":{"line":87,"column":28},"end":{"line":87,"column":54}},"46":{"start":{"line":88,"column":10},"end":{"line":96,"column":13}},"47":{"start":{"line":89,"column":12},"end":{"line":93,"column":15}},"48":{"start":{"line":90,"column":14},"end":{"line":90,"column":33}},"49":{"start":{"line":92,"column":14},"end":{"line":92,"column":26}},"50":{"start":{"line":95,"column":12},"end":{"line":95,"column":24}},"51":{"start":{"line":98,"column":10},"end":{"line":98,"column":22}},"52":{"start":{"line":101,"column":8},"end":{"line":101,"column":20}},"53":{"start":{"line":106,"column":2},"end":{"line":122,"column":4}},"54":{"start":{"line":107,"column":4},"end":{"line":121,"column":7}},"55":{"start":{"line":108,"column":6},"end":{"line":120,"column":9}},"56":{"start":{"line":109,"column":21},"end":{"line":109,"column":85}},"57":{"start":{"line":110,"column":23},"end":{"line":110,"column":68}},"58":{"start":{"line":111,"column":22},"end":{"line":111,"column":98}},"59":{"start":{"line":112,"column":29},"end":{"line":112,"column":50}},"60":{"start":{"line":113,"column":28},"end":{"line":113,"column":72}},"61":{"start":{"line":114,"column":8},"end":{"line":115,"column":71}},"62":{"start":{"line":116,"column":8},"end":{"line":116,"column":18}},"63":{"start":{"line":118,"column":8},"end":{"line":118,"column":67}},"64":{"start":{"line":119,"column":8},"end":{"line":119,"column":27}},"65":{"start":{"line":124,"column":2},"end":{"line":154,"column":4}},"66":{"start":{"line":125,"column":4},"end":{"line":153,"column":7}},"67":{"start":{"line":126,"column":6},"end":{"line":152,"column":9}},"68":{"start":{"line":127,"column":8},"end":{"line":148,"column":11}},"69":{"start":{"line":130,"column":39},"end":{"line":130,"column":64}},"70":{"start":{"line":132,"column":24},"end":{"line":132,"column":38}},"71":{"start":{"line":133,"column":18},"end":{"line":133,"column":19}},"72":{"start":{"line":134,"column":10},"end":{"line":140,"column":13}},"73":{"start":{"line":135,"column":12},"end":{"line":138,"column":15}},"74":{"start":{"line":139,"column":12},"end":{"line":139,"column":16}},"75":{"start":{"line":141,"column":10},"end":{"line":143,"column":54}},"76":{"start":{"line":144,"column":10},"end":{"line":144,"column":20}},"77":{"start":{"line":146,"column":10},"end":{"line":146,"column":29}},"78":{"start":{"line":147,"column":10},"end":{"line":147,"column":111}},"79":{"start":{"line":150,"column":8},"end":{"line":150,"column":27}},"80":{"start":{"line":151,"column":8},"end":{"line":151,"column":109}},"81":{"start":{"line":156,"column":2},"end":{"line":174,"column":4}},"82":{"start":{"line":157,"column":4},"end":{"line":173,"column":7}},"83":{"start":{"line":158,"column":6},"end":{"line":172,"column":9}},"84":{"start":{"line":159,"column":8},"end":{"line":169,"column":11}},"85":{"start":{"line":162,"column":10},"end":{"line":166,"column":13}},"86":{"start":{"line":163,"column":12},"end":{"line":165,"column":13}},"87":{"start":{"line":164,"column":14},"end":{"line":164,"column":33}},"88":{"start":{"line":168,"column":10},"end":{"line":168,"column":22}},"89":{"start":{"line":171,"column":8},"end":{"line":171,"column":20}},"90":{"start":{"line":175,"column":2},"end":{"line":175,"column":14}}},"fnMap":{"0":{"name":"(anonymous_0)","decl":{"start":{"line":3,"column":17},"end":{"line":3,"column":18}},"loc":{"start":{"line":3,"column":40},"end":{"line":176,"column":1}},"line":3},"1":{"name":"(anonymous_1)","decl":{"start":{"line":4,"column":18},"end":{"line":4,"column":19}},"loc":{"start":{"line":4,"column":24},"end":{"line":47,"column":3}},"line":4},"2":{"name":"(anonymous_2)","decl":{"start":{"line":5,"column":23},"end":{"line":5,"column":24}},"loc":{"start":{"line":5,"column":44},"end":{"line":46,"column":5}},"line":5},"3":{"name":"(anonymous_3)","decl":{"start":{"line":6,"column":44},"end":{"line":6,"column":45}},"loc":{"start":{"line":6,"column":55},"end":{"line":43,"col
[...]
n":15},"end":{"line":3,"column":49}},"2":{"start":{"line":4,"column":13},"end":{"line":4,"column":47}},"3":{"start":{"line":6,"column":15},"end":{"line":6,"column":32}},"4":{"start":{"line":7,"column":0},"end":{"line":7,"column":20}},"5":{"start":{"line":9,"column":0},"end":{"line":184,"column":2}},"6":{"start":{"line":10,"column":14},"end":{"line":10,"column":56}},"7":{"start":{"line":11,"column":15},"end":{"line":11,"column":59}},"8":{"start":{"line":12,"column":14},"end":{"line":12,"column":93}},"9":{"start":{"line":17,"column":2},"end":{"line":182,"column":4}},"10":{"start":{"line":19,"column":4},"end":{"line":21,"column":5}},"11":{"start":{"line":20,"column":6},"end":{"line":20,"column":42}},"12":{"start":{"line":23,"column":4},"end":{"line":23,"column":50}},"13":{"start":{"line":25,"column":24},"end":{"line":25,"column":56}},"14":{"start":{"line":26,"column":30},"end":{"line":26,"column":72}},"15":{"start":{"line":27,"column":4},"end":{"line":29,"column":5}},"16":{"start":{"line":28,"column":6},"end":{"line":28,"column":46}},"17":{"start":{"line":31,"column":24},"end":{"line":31,"column":50}},"18":{"start":{"line":32,"column":23},"end":{"line":32,"column":62}},"19":{"start":{"line":33,"column":25},"end":{"line":33,"column":60}},"20":{"start":{"line":35,"column":4},"end":{"line":38,"column":5}},"21":{"start":{"line":36,"column":6},"end":{"line":36,"column":47}},"22":{"start":{"line":37,"column":6},"end":{"line":37,"column":53}},"23":{"start":{"line":40,"column":26},"end":{"line":42,"column":6}},"24":{"start":{"line":41,"column":6},"end":{"line":41,"column":56}},"25":{"start":{"line":43,"column":24},"end":{"line":43,"column":39}},"26":{"start":{"line":45,"column":23},"end":{"line":51,"column":5}},"27":{"start":{"line":54,"column":4},"end":{"line":181,"column":5}},"28":{"start":{"line":55,"column":21},"end":{"line":55,"column":58}},"29":{"start":{"line":56,"column":26},"end":{"line":56,"column":62}},"30":{"start":{"line":59,"column":25},"end":{"line":64,"column":7}},"31":{"start":{"line":66,"column":32},"end":{"line":71,"column":7}},"32":{"start":{"line":73,"column":6},"end":{"line":139,"column":9}},"33":{"start":{"line":74,"column":8},"end":{"line":74,"column":19}},"34":{"start":{"line":75,"column":19},"end":{"line":75,"column":28}},"35":{"start":{"line":76,"column":21},"end":{"line":76,"column":32}},"36":{"start":{"line":77,"column":22},"end":{"line":77,"column":38}},"37":{"start":{"line":80,"column":8},"end":{"line":80,"column":63}},"38":{"start":{"line":81,"column":8},"end":{"line":81,"column":61}},"39":{"start":{"line":82,"column":8},"end":{"line":82,"column":51}},"40":{"start":{"line":84,"column":8},"end":{"line":126,"column":9}},"41":{"start":{"line":86,"column":10},"end":{"line":86,"column":107}},"42":{"start":{"line":87,"column":10},"end":{"line":87,"column":39}},"43":{"start":{"line":89,"column":10},"end":{"line":113,"column":13}},"44":{"start":{"line":90,"column":12},"end":{"line":90,"column":23}},"45":{"start":{"line":91,"column":12},"end":{"line":91,"column":29}},"46":{"start":{"line":92,"column":12},"end":{"line":92,"column":33}},"47":{"start":{"line":93,"column":12},"end":{"line":93,"column":39}},"48":{"start":{"line":96,"column":12},"end":{"line":96,"column":67}},"49":{"start":{"line":97,"column":12},"end":{"line":97,"column":65}},"50":{"start":{"line":98,"column":12},"end":{"line":98,"column":55}},"51":{"start":{"line":100,"column":12},"end":{"line":102,"column":13}},"52":{"start":{"line":101,"column":14},"end":{"line":101,"column":87}},"53":{"start":{"line":105,"column":32},"end":{"line":105,"column":99}},"54":{"start":{"line":107,"column":32},"end":{"line":107,"column":100}},"55":{"start":{"line":109,"column":12},"end":{"line":112,"column":15}},"56":{"start":{"line":110,"column":14},"end":{"line":110,"column":65}},"57":{"start":{"line":111,"column":14},"end":{"line":111,"column":59}},"58":{"start":{"line":114,"column":15},"end":{"line":126,"column":9}},"59":{"start":{"line":115,"column":10},"end":{"line":115,"column":57}},"60":{"start":{"line":117,"column":29},"end":{"line":117,"column":39}},"61":{"start":{"line":118,"column":10},"end":{"line":118,"column":55}},"62":{"start":{"line":118,"column":34},"end":{"line":118,"column":55}},"63":{"start":{"line":120,"column":32},"end":{"line":120,"column":108}},"64":{"start":{"line":122,"column":10},"end":{"line":125,"column":70}},"65":{"start":{"line":125,"column":24},"end":{"line":125,"column":68}},"66":{"start":{"line":128,"column":8},"end":{"line":138,"column":9}},"67":{"start":{"line":130,"column":12},"end":{"line":133,"column":14}},"68":{"start":{"line":134,"column":12},"end":{"line":134,"column":18}},"69":{"start":{"line":136,"column":12},"end":{"line":136,"column":89}},"70":{"start":{"line":137,"column":12},"end":{"line":137,"column":18}},"71":{"start":{"line":142,"column":23},"end":{"line":142,"column":60}},"72":{"start":{"line":143,"column":22},"end":{"line":143,"column":58}},"73":{"start":{"line":145,"column":25},"end":{"line":150,"column":7}},"74":{"start":{"line":152,"column":6},"end":{"line":180,"column":9}},"75":{"start":{"line":154,"column":8},"end":{"line":154,"column":47}},"76":{"start":{"line":155,"column":35},"end":{"line":155,"column":73}},"77":{"start":{"line":156,"column":25},"end":{"line":156,"column":66}},"78":{"start":{"line":158,"column":33},"end":{"line":160,"column":49}},"79":{"start":{"line":161,"column":25},"end":{"line":161,"column":84}},"80":{"start":{"line":163,"column":8},"end":{"line":177,"column":9}},"81":{"start":{"line":164,"column":10},"end":{"line":166,"column":11}},"82":{"start":{"line":165,"column":12},"end":{"line":165,"column":85}},"83":{"start":{"line":167,"column":10},"end":{"line":170,"column":13}},"84":{"start":{"line":168,"column":12},"end":{"line":168,"column":60}},"85":{"start":{"line":169,"column":12},"end":{"line":169,"column":62}},"86":{"start":{"line":171,"column":15},"end":{"line":177,"column":9}},"87":{"start":{"line":172,"column":10},"end":{"line":172,"column":57}},"88":{"start":{"line":174,"column":10},"end":{"line":176,"column":13}},"89":{"start":{"line":175,"column":12},"end":{"line":175,"column":62}},"90":{"start":{"line":179,"column":8},"end":{"line":179,"column":100}},"91":{"start":{"line":183,"column":2},"end":{"line":183,"column":14}}},"fnMap":{"0":{"name":"(anonymous_0)","decl":{"start":{"line":9,"column":17},"end":{"line":9,"column":18}},"loc":{"start":{"line":9,"column":48},"end":{"line":184,"column":1}},"line":9},"1":{"name":"(anonymous_1)","decl":{"start":{"line":17,"column":18},"end":{"line":17,"column":19}},"loc":{"start":{"line":17,"column":46},"end":{"line":182,"column":3}},"line":17},"2":{"name":"(anonymous_2)","decl":{"start":{"line":40,"column":46},"end":{"line":40,"column":47}},"loc":{"start":{"line":40,"column":59},"end":{"line":42,"column":5}},"line":40},"3":{"name":"(anonymous_3)","decl":{"start":{"line":73,"column":35},"end":{"line":73,"column":36}},"loc":{"start":{"line":73,"column":44},"end":{"line":127,"column":7}},"line":73},"4":{"name":"(anonymous_4)","decl":{"start":{"line":89,"column":39},"end":{"line":89,"column":40}},"loc":{"start":{"line":89,"column":48},"end":{"line":113,"column":11}},"line":89},"5":{"name":"(anonymous_5)","decl":{"start":{"line":109,"column":83},"end":{"line":109,"column":84}},"loc":{"start":{"line":109,"column":89},"end":{"line":112,"column":13}},"line":109},"6":{"name":"(anonymous_6)","decl":{"start":{"line":125,"column":18},"end":{"line":125,"column":19}},"loc":{"start":{"line":125,"column":24},"end":{"line":125,"column":68}},"line":125},"7":{"name":"(anonymous_7)","decl":{"start":{"line":127,"column":15},"end":{"line":127,"column":16}},"loc":{"start":{"line":127,"column":24},"end":{"line":139,"column":7}},"line":127},"8":{"name":"(anonymous_8)","decl":{"start":{"line":152,"column":42},"end":{"line":152,"column":43}},"loc":{"start":{"line":152,"column":51},"end":{"line":178,"column":7}},"line":152},"9":{"name":"(anonymous_9)","decl":{"start":{"line":167,"column":81},"end":{"line":167,"column":82}},"loc":{"start":{"line":167,"column":87},"end":{"line":170,"column":11}},"line":167},"10":{"name":"(anonymous_10)","decl":{"start":{"line":174,"column":93},"end":{"line":174,"column":94}},"loc":{"start":{"line":174,"column":99},"end":{"line":176,"column":11}},"line":174},"11":{"name":"(anonymous_11)","decl":{"start":{"line":178,"column":15},"end":{"line":178,"column":16}},"loc":{"start":{"line":178,"column":21},"end":{"line":180,"column":7}},"line":178}},"branchMap":{"0":{"loc":{"start":{"line":19,"column":4},"end":{"line":21,"column":5}},"type":"if","locations":[{"start":{"line":19,"column":4},"end":{"line":21,"column":5}},{"start":{"line":19,"column":4},"end":{"line":21,"column":5}}],"line":19},"1":{"loc":{"start":{"line":27,"column":4},"end":{"line":29,"column":5}},"type":"if","locations":[{"start":{"line":27,"column":4},"end":{"line":29,"column":5}},{"start":{"line":27,"column":4},"end":{"line":29,"column":5}}],"line":27},"2":{"loc":{"start":{"line":35,"column":4},"end":{"line":38,"column":5}},"type":"if","locations":[{"start":{"line":35,"column":4},"end":{"line":38,"column":5}},{"start":{"line":35,"column":4},"end":{"line":38,"column":5}}],"line":35},"3":{"loc":{"start":{"line":54,"column":4},"end":{"line":181,"column":5}},"type":"if","locations":[{"start":{"line":54,"column":4},"end":{"line":181,"column":5}},{"start":{"line":54,"column":4},"end":{"line":181,"column":5}}],"line":54},"4":{"loc":{"start":{"line":84,"column":8},"end":{"line":126,"column":9}},"type":"if","locations":[{"start":{"line":84,"column":8},"end":{"line":126,"column":9}},{"start":{"line":84,"column":8},"end":{"line":126,"column":9}}],"line":84},"5":{"loc":{"start":{"line":100,"column":12},"end":{"line":102,"column":13}},"type":"if","locations":[{"start":{"line":100,"column":12},"end":{"line":102,"column":13}},{"start":{"line":100,"column":12},"end":{"line":102,"column":13}}],"line":100},"6":{"loc":{"start":{"line":100,"column":16},"end":{"line":100,"column":82}},"type":"binary-expr","locations":[{"start":{"line":100,"column":16},"end":{"line":100,"column":53}},{"start":{"line":100,"column":57},"end":{"line":100,"column":82}}],"line":100},"7":{"loc":{"start":{"line":114,"column":15},"end":{"line":126,"column":9}},"type":"if","locations":[{"start":{"line":114,"column":15},"end":{"line":126,"column":9}},{"start":{"line":114,"column":15},"end":{"line":126,"column":9}}],"line":114},"8":{"loc":{"start":{"line":118,"column":10},"end":{"line":118,"column":55}},"type":"if","locations":[{"start":{"line":118,"column":10},"end":{"line":118,"column":55}},{"start":{"line":118,"column":10},"end":{"line":118,"column":55}}],"line":118},"9":{"loc":{"start":{"line":128,"column":8},"end":{"line":138,"column":9}},"type":"switch","locations":[{"start":{"line":129,"column":10},"end":{"line":134,"column":18}},{"start":{"line":135,"column":10},"end":{"line":137,"column":18}}],"line":128},"10":{"loc":{"start":{"line":163,"column":8},"end":{"line":177,"column":9}},"type":"if","locations":[{"start":{"line":163,"column":8},"end":{"line":177,"column":9}},{"start":{"line":163,"column":8},"end":{"line":177,"column":9}}],"line":163},"11":{"loc":{"start":{"line":164,"column":10},"end":{"line":166,"column":11}},"type":"if","locations":[{"start":{"line":164,"column":10},"end":{"line":166,"column":11}},{"start":{"line":164,"column":10},"end":{"line":166,"column":11}}],"line":164},"12":{"loc":{"start":{"line":171,"column":15},"end":{"line":177,"column":9}},"type":"if","locations":[{"start":{"line":171,"column":15},"end":{"line":177,"column":9}},{"start":{"line":171,"column":15},"end":{"line":177,"column":9}}],"line":171}},"s":{"0":4,"1":4,"2":4,"3":4,"4":4,"5":4,"6":6,"7":6,"8":6,"9":6,"10":5,"11":1,"12":4,"13":4,"14":4,"15":4,"16":1,"17":3,"18":3,"19":3,"20":3,"21":1,"22":1,"23":2,"24":2,"25":2,"26":2,"27":2,"28":1,"29":1,"30":1,"31":1,"32":1,"33":1,"34":1,"35":1,"36":1,"37":1,"38":1,"39":1,"40":1,"41":1,"42":1,"43":1,"44":1,"45":1,"46":1,"47":1,"48":1,"49":1,"50":1,"51":1,"52":0,"53":1,"54":1,"55":1,"56":1,"57":1,"58":0,"59":0,"60":0,"61":0,"62":0,"63":0,"64":0,"65":0,"66":0,"67":0,"68":0,"69":0,"70":0,"71":1,"72":1,"73":1,"74":1,"75":1,"76":1,"77":1,"78":1,"79":1,"80":1,"81":1,"82":0,"83":1,"84":1,"85":1,"86":0,"87":0,"88":0,"89":0,"90":0,"91":6},"f":{"0":6,"1":5,"2":2,"3":1,"4":1,"5":1,"6":0,"7":0,"8":1,"9":1,"10":0,"11":0},"b":{"0":[1,4],"1":[1,3],"2":[1,2],"3":[1,1],"4":[1,0],"5":[0,1],"6":[1,0],"7":[0,0],"8":[0,0],"9":[0,0],"10":[1,0],"11":[0,1],"12":[0,0]},"_coverageSchema":"1a1c01bbd47fc00a2c39e90264f33305004495a9","hash":"b3f468b54c9cc2a211d915daeb661f0b6cfb3b51"}
,"/Users/oliver/WebstormProjects/ase-pda-project3/app/use-cases/uni-notifier/uniNotifier.resp.js": {"path":"/Users/oliver/WebstormProjects/ase-pda-project3/app/use-cases/uni-notifier/uniNotifier.resp.js","statementMap":{"0":{"start":{"line":1,"column":0},"end":{"line":29,"column":2}},"1":{"start":{"line":2,"column":2},"end":{"line":2,"column":67}},"2":{"start":{"line":3,"column":2},"end":{"line":3,"column":89}},"3":{"start":{"line":5,"column":2},"end":{"line":5,"column":113}},"4":{"start":{"line":5,"column":30},"end":{"line":5,"column":112}},"5":{"start":{"line":6,"column":2},"end":{"line":6,"column":98}},"6":{"start":{"line":6,"column":31},"end":{"line":6,"column":97}},"7":{"start":{"line":7,"column":2},"end":{"line":13,"column":4}},"8":{"start":{"line":8,"column":4},"end":{"line":12,"column":6}},"9":{"start":{"line":15,"column":2},"end":{"line":19,"column":4}},"10":{"start":{"line":16,"column":4},"end":{"line":18,"column":6}},"11":{"start":{"line":20,"column":2},"end":{"line":21,"column":62}},"12":{"start":{"line":20,"column":34},"end":{"line":21,"column":61}},"13":{"start":{"line":22,"column":2},"end":{"line":22,"column":119}},"14":{"start":{"line":22,"column":32},"end":{"line":22,"column":118}},"15":{"start":{"line":23,"column":2},"end":{"line":24,"column":46}},"16":{"start":{"line":25,"column":2},"end":{"line":27,"column":42}},"17":{"start":{"line":28,"column":2},"end":{"line":28,"column":14}}},"fnMap":{"0":{"name":"(anonymous_0)","decl":{"start":{"line":1,"column":17},"end":{"line":1,"column":18}},"loc":{"start":{"line":1,"column":23},"end":{"line":29,"column":1}},"line":1},"1":{"name":"(anonymous_1)","decl":{"start":{"line":5,"column":21},"end":{"line":5,"column":22}},"loc":{"start":{"line":5,"column":30},"end":{"line":5,"column":112}},"line":5},"2":{"name":"(anonymous_2)","decl":{"start":{"line":6,"column":21},"end":{"line":6,"column":22}},"loc":{"start":{"line":6,"column":31},"end":{"line":6,"column":97}},"line":6},"3":{"name":"(anonymous_3)","decl":{"start":{"line":7,"column":23},"end":{"line":7,"column":24}},"loc":{"start":{"line":7,"column":74},"end":{"line":13,"column":3}},"line":7},"4":{"name":"(anonymous_4)","decl":{"start":{"line":15,"column":26},"end":{"line":15,"column":27}},"loc":{"start":{"line":15,"column":35},"end":{"line":19,"column":3}},"line":15},"5":{"name":"(anonymous_5)","decl":{"start":{"line":20,"column":24},"end":{"line":20,"column":25}},"loc":{"start":{"line":20,"column":34},"end":{"line":21,"column":61}},"line":20},"6":{"name":"(anonymous_6)","decl":{"start":{"line":22,"column":23},"end":{"line":22,"column":24}},"loc":{"start":{"line":22,"column":32},"end":{"line":22,"column":118}},"line":22}},"branchMap":{},"s":{"0":4,"1":6,"2":6,"3":6,"4":1,"5":6,"6":2,"7":6,"8":0,"9":6,"10":0,"11":6,"12":1,"13":6,"14":1,"15":6,"16":6,"17":6},"f":{"0":6,"1":1,"2":2,"3":0,"4":0,"5":1,"6":1},"b":{},"_coverageSchema":"1a1c01bbd47fc00a2c39e90264f33305004495a9","hash":"207a3ae47ee5ce4501a9f940839fad592a30f64e"}
,"/Users/oliver/WebstormProjects/ase-pda-project3/app/use-cases/uni-notifier/uniNotifier.util.js": {"path":"/Users/oliver/WebstormProjects/ase-pda-project3/app/use-cases/uni-notifier/uniNotifier.util.js","statementMap":{"0":{"start":{"line":1,"column":15},"end":{"line":1,"column":32}},"1":{"start":{"line":3,"column":0},"end":{"line":85,"column":2}},"2":{"start":{"line":5,"column":2},"end":{"line":9,"column":4}},"3":{"start":{"line":6,"column":4},"end":{"line":8,"column":56}},"4":{"start":{"line":12,"column":2},"end":{"line":16,"column":4}},"5":{"start":{"line":13,"column":4},"end":{"line":15,"column":56}},"6":{"start":{"line":18,"column":2},"end":{"line":22,"column":4}},"7":{"start":{"line":19,"column":4},"end":{"line":21,"column":56}},"8":{"start":{"line":25,"column":2},"end":{"line":30,"column":4}},"9":{"start":{"line":26,"column":4},"end":{"line":29,"column":27}},"10":{"start":{"line":33,"column":2},"end":{"line":44,"column":4}},"11":{"start":{"line":34,"column":4},"end":{"line":43,"column":6}},"12":{"start":{"line":47,"column":2},"end":{"line":56,"column":4}},"13":{"start":{"line":48,"column":4},"end":{"line":55,"column":10}},"14":{"start":{"line":58,"column":2},"end":{"line":71,"column":4}},"15":{"start":{"line":59,"column":20},"end":{"line":59,"column":65}},"16":{"start":{"line":60,"column":4},"end":{"line":69,"column":7}},"17":{"start":{"line":61,"column":20},"end":{"line":62,"column":56}},"18":{"start":{"line":63,"column":19},"end":{"line":64,"column":27}},"19":{"start":{"line":65,"column":19},"end":{"line":66,"column":56}},"20":{"start":{"line":68,"column":6},"end":{"line":68,"column":54}},"21":{"start":{"line":70,"column":4},"end":{"line":70,"column":21}},"22":{"start":{"line":74,"column":2},"end":{"line":76,"column":4}},"23":{"start":{"line":75,"column":4},"end":{"line":75,"column":57}},"24":{"start":{"line":79,"column":2},"end":{"line":82,"column":4}},"25":{"start":{"line":80,"column":4},"end":{"line":81,"column":42}},"26":{"start":{"line":84,"column":2},"end":{"line":84,"column":14}}},"fnMap":{"0":{"name":"(anonymous_0)","decl":{"start":{"line":3,"column":17},"end":{"line":3,"column":18}},"loc":{"start":{"line":3,"column":23},"end":{"line":85,"column":1}},"line":3},"1":{"name":"(anonymous_1)","decl":{"start":{"line":5,"column":21},"end":{"line":5,"column":22}},"loc":{"start":{"line":5,"column":37},"end":{"line":9,"column":3}},"line":5},"2":{"name":"(anonymous_2)","decl":{"start":{"line":12,"column":24},"end":{"line":12,"column":25}},"loc":{"start":{"line":12,"column":40},"end":{"line":16,"column":3}},"line":12},"3":{"name":"(anonymous_3)","decl":{"start":{"line":18,"column":30},"end":{"line":18,"column":31}},"loc":{"start":{"line":18,"column":46},"end":{"line":22,"column":3}},"line":18},"4":{"name":"(anonymous_4)","decl":{"start":{"line":25,"column":15},"end":{"line":25,"column":16}},"loc":{"start":{"line":25,"column":31},"end":{"line":30,"column":3}},"line":25},"5":{"name":"(anonymous_5)","decl":{"start":{"line":33,"column":27},"end":{"line":33,"column":28}},"loc":{"start":{"line":33,"column":49},"end":{"line":44,"column":3}},"line":33},"6":{"name":"(anonymous_6)","decl":{"start":{"line":47,"column":31},"end":{"line":47,"column":32}},"loc":{"start":{"line":47,"column":47},"end":{"line":56,"column":3}},"line":47},"7":{"name":"(anonymous_7)","decl":{"start":{"line":58,"column":24},"end":{"line":58,"column":25}},"loc":{"start":{"line":58,"column":34},"end":{"line":71,"column":3}},"line":58},"8":{"name":"(anonymous_8)","decl":{"start":{"line":60,"column":22},"end":{"line":60,"column":23}},"loc":{"start":{"line":60,"column":31},"end":{"line":69,"column":5}},"line":60},"9":{"name":"(anonymous_9)","decl":{"start":{"line":74,"column":21},"end":{"line":74,"column":22}},"loc":{"start":{"line":74,"column":48},"end":{"line":76,"column":3}},"line":74},"10":{"name":"(anonymous_10)","decl":{"start":{"line":79,"column":21},"end":{"line":79,"column":22}},"loc":{"start":{"line":79,"column":47},"end":{"line":82,"column":3}},"line":79}},"branchMap":{},"s":{"0":2,"1":2,"2":6,"3":1,"4":6,"5":1,"6":6,"7":1,"8":6,"9":0,"10":6,"11":0,"12":6,"13":0,"14":6,"15":0,"16":0,"17":0,"18":0,"19":0,"20":0,"21":0,"22":6,"23":1,"24":6,"25":1,"26":6},"f":{"0":6,"1":1,"2":1,"3":1,"4":0,"5":0,"6":0,"7":0,"8":0,"9":1,"10":1},"b":{},"_coverageSchema":"1a1c01bbd47fc00a2c39e90264f33305004495a9","hash":"9b0cad4d8d5363406ffc928bd83cbac24e1b5856"}
}
