TN:
SF:app/modules/manager/manager.js
FN:7,(anonymous_0)
FN:13,(anonymous_1)
FN:26,(anonymous_2)
FN:30,(anonymous_3)
FN:31,(anonymous_4)
FN:33,(anonymous_5)
FN:40,(anonymous_6)
FN:44,(anonymous_7)
FN:54,(anonymous_8)
FN:84,(anonymous_9)
FN:90,(anonymous_10)
FN:91,(anonymous_11)
FN:100,(anonymous_12)
FNF:13
FNH:5
FNDA:1,(anonymous_0)
FNDA:1,(anonymous_1)
FNDA:0,(anonymous_2)
FNDA:0,(anonymous_3)
FNDA:0,(anonymous_4)
FNDA:0,(anonymous_5)
FNDA:0,(anonymous_6)
FNDA:0,(anonymous_7)
FNDA:0,(anonymous_8)
FNDA:0,(anonymous_9)
FNDA:1,(anonymous_10)
FNDA:1,(anonymous_11)
FNDA:1,(anonymous_12)
DA:1,1
DA:2,1
DA:3,1
DA:4,1
DA:6,1
DA:8,1
DA:9,1
DA:14,1
DA:15,1
DA:17,1
DA:18,1
DA:19,1
DA:20,1
DA:21,1
DA:22,1
DA:24,1
DA:26,1
DA:27,0
DA:30,1
DA:31,0
DA:32,0
DA:34,0
DA:35,0
DA:40,1
DA:41,0
DA:42,0
DA:44,1
DA:45,0
DA:46,0
DA:47,0
DA:48,0
DA:55,0
DA:56,0
DA:58,0
DA:62,0
DA:84,0
DA:85,0
DA:91,1
DA:92,1
DA:93,1
DA:94,1
DA:101,1
LF:42
LH:25
BRDA:47,0,0,0
BRDA:47,0,1,0
BRDA:55,1,0,0
BRDA:55,1,1,0
BRDA:93,2,0,1
BRDA:93,2,1,0
BRF:6
BRH:1
end_of_record
TN:
SF:app/modules/rest/rest.js
FN:3,(anonymous_0)
FN:7,(anonymous_1)
FN:13,(anonymous_2)
FN:16,(anonymous_3)
FN:17,(anonymous_4)
FN:18,(anonymous_5)
FN:21,(anonymous_6)
FN:25,(anonymous_7)
FN:29,(anonymous_8)
FN:33,(anonymous_9)
FN:39,(anonymous_10)
FN:41,(anonymous_11)
FN:46,(anonymous_12)
FN:48,(anonymous_13)
FN:55,(anonymous_14)
FN:57,(anonymous_15)
FNF:16
FNH:9
FNDA:3,(anonymous_0)
FNDA:3,(anonymous_1)
FNDA:3,(anonymous_2)
FNDA:0,(anonymous_3)
FNDA:0,(anonymous_4)
FNDA:0,(anonymous_5)
FNDA:0,(anonymous_6)
FNDA:0,(anonymous_7)
FNDA:3,(anonymous_8)
FNDA:0,(anonymous_9)
FNDA:3,(anonymous_10)
FNDA:3,(anonymous_11)
FNDA:3,(anonymous_12)
FNDA:3,(anonymous_13)
FNDA:0,(anonymous_14)
FNDA:3,(anonymous_15)
DA:1,1
DA:3,1
DA:4,3
DA:7,3
DA:8,3
DA:9,3
DA:12,3
DA:14,3
DA:15,3
DA:16,3
DA:17,0
DA:18,0
DA:19,0
DA:20,0
DA:22,0
DA:23,0
DA:26,0
DA:27,0
DA:30,3
DA:31,3
DA:34,0
DA:35,0
DA:39,3
DA:40,3
DA:41,3
DA:42,3
DA:43,3
DA:45,3
DA:47,3
DA:49,3
DA:50,0
DA:53,0
DA:54,0
DA:55,0
DA:56,0
DA:58,3
DA:59,3
LF:37
LH:22
BRDA:58,0,0,3
BRDA:58,0,1,0
BRF:2
BRH:1
end_of_record
TN:
SF:app/modules/watson-assistant/watsonAssistant.js
FN:10,(anonymous_0)
FN:11,(anonymous_1)
FN:12,(anonymous_2)
FN:15,(anonymous_3)
FN:17,(anonymous_4)
FN:20,(anonymous_5)
FN:24,(anonymous_6)
FN:29,(anonymous_7)
FN:32,(anonymous_8)
FN:35,(anonymous_9)
FN:37,(anonymous_10)
FN:40,(anonymous_11)
FN:44,(anonymous_12)
FN:54,(anonymous_13)
FN:55,(anonymous_14)
FN:59,(anonymous_15)
FN:63,(anonymous_16)
FN:69,(anonymous_17)
FN:70,(anonymous_18)
FN:83,(anonymous_19)
FN:87,(anonymous_20)
FN:93,(anonymous_21)
FN:94,(anonymous_22)
FN:99,(anonymous_23)
FN:103,(anonymous_24)
FN:110,(anonymous_25)
FN:111,(anonymous_26)
FN:123,(anonymous_27)
FN:126,(anonymous_28)
FNF:29
FNH:25
FNDA:23,(anonymous_0)
FNDA:3,(anonymous_1)
FNDA:3,(anonymous_2)
FNDA:1,(anonymous_3)
FNDA:1,(anonymous_4)
FNDA:0,(anonymous_5)
FNDA:0,(anonymous_6)
FNDA:1,(anonymous_7)
FNDA:1,(anonymous_8)
FNDA:1,(anonymous_9)
FNDA:0,(anonymous_10)
FNDA:1,(anonymous_11)
FNDA:0,(anonymous_12)
FNDA:4,(anonymous_13)
FNDA:4,(anonymous_14)
FNDA:3,(anonymous_15)
FNDA:1,(anonymous_16)
FNDA:6,(anonymous_17)
FNDA:6,(anonymous_18)
FNDA:3,(anonymous_19)
FNDA:3,(anonymous_20)
FNDA:2,(anonymous_21)
FNDA:2,(anonymous_22)
FNDA:1,(anonymous_23)
FNDA:1,(anonymous_24)
FNDA:2,(anonymous_25)
FNDA:2,(anonymous_26)
FNDA:1,(anonymous_27)
FNDA:1,(anonymous_28)
DA:1,23
DA:2,23
DA:3,23
DA:10,23
DA:11,23
DA:12,3
DA:13,3
DA:14,1
DA:16,1
DA:18,1
DA:21,0
DA:25,0
DA:28,2
DA:30,1
DA:33,1
DA:34,1
DA:36,1
DA:38,0
DA:41,1
DA:45,0
DA:54,23
DA:55,4
DA:56,4
DA:60,3
DA:61,3
DA:64,1
DA:65,1
DA:69,23
DA:70,6
DA:71,6
DA:84,3
DA:85,3
DA:88,3
DA:89,3
DA:93,23
DA:94,2
DA:95,2
DA:100,1
DA:101,1
DA:104,1
DA:105,1
DA:110,23
DA:111,2
DA:112,2
DA:124,1
DA:127,1
DA:128,0
DA:130,1
DA:131,1
DA:137,23
LF:50
LH:45
BRDA:13,0,0,1
BRDA:13,0,1,2
BRDA:33,1,0,1
BRDA:33,1,1,0
BRDA:127,2,0,0
BRDA:127,2,1,1
BRF:6
BRH:4
end_of_record
TN:
SF:app/modules/watson-speech/watsonSpeech.js
FN:6,(anonymous_0)
FN:8,(anonymous_1)
FN:9,(anonymous_2)
FN:21,(anonymous_3)
FN:24,(anonymous_4)
FN:31,(anonymous_5)
FN:32,(anonymous_6)
FN:33,(anonymous_7)
FN:40,(anonymous_8)
FN:41,(anonymous_9)
FN:56,(anonymous_10)
FN:58,(anonymous_11)
FN:60,(anonymous_12)
FN:64,(anonymous_13)
FN:67,(anonymous_14)
FN:70,(anonymous_15)
FNF:16
FNH:9
FNDA:15,(anonymous_0)
FNDA:1,(anonymous_1)
FNDA:1,(anonymous_2)
FNDA:1,(anonymous_3)
FNDA:0,(anonymous_4)
FNDA:0,(anonymous_5)
FNDA:0,(anonymous_6)
FNDA:0,(anonymous_7)
FNDA:1,(anonymous_8)
FNDA:1,(anonymous_9)
FNDA:1,(anonymous_10)
FNDA:1,(anonymous_11)
FNDA:0,(anonymous_12)
FNDA:1,(anonymous_13)
FNDA:0,(anonymous_14)
FNDA:0,(anonymous_15)
DA:1,11
DA:2,11
DA:3,11
DA:4,11
DA:6,11
DA:8,15
DA:9,1
DA:10,1
DA:16,1
DA:21,1
DA:22,1
DA:23,1
DA:25,0
DA:31,15
DA:32,0
DA:33,0
DA:34,0
DA:40,15
DA:41,1
DA:42,1
DA:49,1
DA:55,1
DA:57,1
DA:58,1
DA:59,1
DA:61,0
DA:64,1
DA:65,1
DA:67,1
DA:68,0
DA:71,0
DA:75,15
LF:32
LH:25
BRF:0
BRH:0
end_of_record
TN:
SF:app/services/api/gcalendar/gcalendar.js
FN:11,(anonymous_0)
FN:16,(anonymous_1)
FN:31,(anonymous_2)
FN:32,(anonymous_3)
FN:39,(anonymous_4)
FN:50,(anonymous_5)
FN:51,(anonymous_6)
FN:52,(anonymous_7)
FN:63,(anonymous_8)
FN:69,(anonymous_9)
FN:80,(anonymous_10)
FN:81,(anonymous_11)
FN:82,(anonymous_12)
FN:91,(anonymous_13)
FN:92,(anonymous_14)
FN:94,(anonymous_15)
FN:108,(anonymous_16)
FN:112,(anonymous_17)
FN:113,(anonymous_18)
FN:125,(anonymous_19)
FN:127,(anonymous_20)
FN:137,(anonymous_21)
FN:138,(anonymous_22)
FN:139,(anonymous_23)
FN:143,(anonymous_24)
FN:144,(anonymous_25)
FN:148,(anonymous_26)
FN:158,(anonymous_27)
FN:159,(anonymous_28)
FN:164,(anonymous_29)
FN:176,(anonymous_30)
FN:178,(anonymous_31)
FN:180,(anonymous_32)
FNF:33
FNH:29
FNDA:51,(anonymous_0)
FNDA:12,(anonymous_1)
FNDA:1,(anonymous_2)
FNDA:0,(anonymous_3)
FNDA:0,(anonymous_4)
FNDA:2,(anonymous_5)
FNDA:2,(anonymous_6)
FNDA:2,(anonymous_7)
FNDA:1,(anonymous_8)
FNDA:1,(anonymous_9)
FNDA:2,(anonymous_10)
FNDA:2,(anonymous_11)
FNDA:2,(anonymous_12)
FNDA:1,(anonymous_13)
FNDA:3,(anonymous_14)
FNDA:1,(anonymous_15)
FNDA:2,(anonymous_16)
FNDA:2,(anonymous_17)
FNDA:2,(anonymous_18)
FNDA:2,(anonymous_19)
FNDA:1,(anonymous_20)
FNDA:2,(anonymous_21)
FNDA:2,(anonymous_22)
FNDA:2,(anonymous_23)
FNDA:2,(anonymous_24)
FNDA:4,(anonymous_25)
FNDA:0,(anonymous_26)
FNDA:2,(anonymous_27)
FNDA:2,(anonymous_28)
FNDA:2,(anonymous_29)
FNDA:2,(anonymous_30)
FNDA:2,(anonymous_31)
FNDA:0,(anonymous_32)
DA:1,20
DA:2,20
DA:3,20
DA:11,20
DA:16,51
DA:17,12
DA:18,12
DA:19,11
DA:21,11
DA:23,1
DA:31,51
DA:32,1
DA:33,0
DA:38,0
DA:40,0
DA:41,0
DA:50,51
DA:51,2
DA:52,2
DA:53,2
DA:56,2
DA:64,1
DA:65,1
DA:67,1
DA:68,1
DA:70,1
DA:80,51
DA:81,2
DA:82,2
DA:83,2
DA:85,2
DA:92,3
DA:93,1
DA:95,1
DA:108,51
DA:112,2
DA:113,2
DA:114,2
DA:116,2
DA:126,2
DA:128,1
DA:137,51
DA:138,2
DA:139,2
DA:140,2
DA:142,2
DA:144,2
DA:145,4
DA:147,2
DA:148,0
DA:158,51
DA:159,2
DA:160,2
DA:161,1
DA:164,2
DA:165,2
DA:167,2
DA:177,2
DA:178,2
DA:179,2
DA:181,0
DA:182,0
DA:187,51
LF:63
LH:56
BRDA:92,0,0,1
BRDA:92,0,1,0
BRDA:109,1,0,0
BRDA:110,2,0,0
BRDA:144,3,0,2
BRDA:144,3,1,0
BRDA:145,4,0,4
BRDA:145,4,1,4
BRDA:160,5,0,1
BRDA:160,5,1,1
BRDA:160,6,0,2
BRDA:160,6,1,1
BRF:12
BRH:8
end_of_record
TN:
SF:app/services/api/gcalendar/gcalendar.util.js
FN:24,(anonymous_0)
FN:36,(anonymous_1)
FN:65,(anonymous_2)
FN:79,(anonymous_3)
FN:94,(anonymous_4)
FNF:5
FNH:5
FNDA:4,(anonymous_0)
FNDA:7,(anonymous_1)
FNDA:6,(anonymous_2)
FNDA:1,(anonymous_3)
FNDA:5,(anonymous_4)
DA:1,21
DA:24,21
DA:25,4
DA:26,2
DA:36,21
DA:37,7
DA:39,7
DA:40,5
DA:51,2
DA:65,21
DA:66,6
DA:68,6
DA:70,1
DA:74,1
DA:76,4
DA:77,4
DA:79,1
DA:80,1
DA:84,6
DA:94,21
DA:95,5
DA:99,5
DA:101,5
DA:102,3
DA:104,2
DA:108,2
DA:112,21
LF:27
LH:27
BRDA:36,0,0,4
BRDA:39,1,0,5
BRDA:39,1,1,2
BRDA:68,2,0,1
BRDA:68,2,1,4
BRDA:68,2,2,1
BRDA:94,3,0,1
BRDA:95,4,0,2
BRDA:95,4,1,3
BRDA:101,5,0,3
BRDA:101,5,1,2
BRDA:104,6,0,2
BRDA:104,6,1,0
BRF:13
BRH:12
end_of_record
TN:
SF:app/services/api/gmaps/gmaps.js
FN:15,(anonymous_0)
FN:16,(anonymous_1)
FN:18,(anonymous_2)
FN:25,(anonymous_3)
FN:33,(anonymous_4)
FN:41,(anonymous_5)
FNF:6
FNH:6
FNDA:6,(anonymous_0)
FNDA:6,(anonymous_1)
FNDA:6,(anonymous_2)
FNDA:1120,(anonymous_3)
FNDA:1,(anonymous_4)
FNDA:1,(anonymous_5)
DA:1,12
DA:2,12
DA:3,12
DA:4,12
DA:15,12
DA:16,6
DA:17,6
DA:20,6
DA:21,5
DA:22,5
DA:25,5
DA:27,1120
DA:28,1120
DA:31,5
DA:35,1
DA:36,1
DA:41,12
DA:42,1
DA:44,1
DA:48,1
DA:49,0
DA:52,1
DA:53,1
LF:23
LH:22
BRDA:41,0,0,1
BRDA:48,1,0,0
BRDA:48,1,1,1
BRF:3
BRH:2
end_of_record
TN:
SF:app/services/api/gmaps/gmaps.util.js
FN:1,(anonymous_0)
FNF:1
FNH:1
FNDA:7,(anonymous_0)
DA:1,12
DA:3,7
DA:5,7
DA:13,7
DA:14,0
DA:17,7
DA:18,7
DA:20,12
LF:8
LH:7
BRDA:6,0,0,7
BRDA:6,0,1,1
BRDA:7,1,0,7
BRDA:7,1,1,1
BRDA:8,2,0,7
BRDA:8,2,1,7
BRDA:13,3,0,0
BRDA:13,3,1,7
BRF:8
BRH:7
end_of_record
TN:
SF:app/services/api/gplaces/gplaces.error.js
FN:4,GPlacesApiError
FN:11,GPlacesInvalidParametersError
FNF:2
FNH:2
FNDA:3,GPlacesApiError
FNDA:3,GPlacesInvalidParametersError
DA:1,33
DA:5,3
DA:6,3
DA:7,3
DA:12,3
DA:13,3
DA:14,3
DA:17,33
LF:8
LH:8
BRF:0
BRH:0
end_of_record
TN:
SF:app/services/api/gplaces/gplaces.js
FN:9,(anonymous_0)
FN:10,(anonymous_1)
FN:11,(anonymous_2)
FN:17,(anonymous_3)
FN:32,(anonymous_4)
FN:39,(anonymous_5)
FN:40,(anonymous_6)
FN:43,(anonymous_7)
FN:46,(anonymous_8)
FN:51,(anonymous_9)
FN:54,(anonymous_10)
FN:61,(anonymous_11)
FN:62,(anonymous_12)
FN:64,(anonymous_13)
FN:71,(anonymous_14)
FN:84,(anonymous_15)
FN:89,(anonymous_16)
FN:90,(anonymous_17)
FN:96,(anonymous_18)
FN:110,(anonymous_19)
FN:117,(anonymous_20)
FN:118,(anonymous_21)
FN:121,(anonymous_22)
FN:136,(anonymous_23)
FNF:24
FNH:18
FNDA:49,(anonymous_0)
FNDA:6,(anonymous_1)
FNDA:6,(anonymous_2)
FNDA:6,(anonymous_3)
FNDA:0,(anonymous_4)
FNDA:7,(anonymous_5)
FNDA:7,(anonymous_6)
FNDA:3,(anonymous_7)
FNDA:0,(anonymous_8)
FNDA:1,(anonymous_9)
FNDA:0,(anonymous_10)
FNDA:4,(anonymous_11)
FNDA:4,(anonymous_12)
FNDA:4,(anonymous_13)
FNDA:20,(anonymous_14)
FNDA:0,(anonymous_15)
FNDA:5,(anonymous_16)
FNDA:5,(anonymous_17)
FNDA:5,(anonymous_18)
FNDA:0,(anonymous_19)
FNDA:6,(anonymous_20)
FNDA:6,(anonymous_21)
FNDA:3,(anonymous_22)
FNDA:0,(anonymous_23)
DA:1,33
DA:2,33
DA:3,33
DA:4,33
DA:5,33
DA:6,33
DA:9,33
DA:10,49
DA:11,6
DA:12,6
DA:18,6
DA:19,4
DA:20,2
DA:21,1
DA:22,1
DA:23,1
DA:24,1
DA:26,1
DA:27,1
DA:28,1
DA:29,1
DA:33,0
DA:34,0
DA:39,49
DA:40,7
DA:41,7
DA:42,3
DA:44,3
DA:47,0
DA:50,4
DA:52,1
DA:55,0
DA:61,49
DA:62,4
DA:63,4
DA:65,4
DA:66,4
DA:67,4
DA:68,4
DA:69,4
DA:70,4
DA:71,4
DA:72,20
DA:73,3
DA:74,3
DA:75,3
DA:76,1
DA:78,2
DA:82,4
DA:85,0
DA:89,49
DA:90,5
DA:91,5
DA:92,5
DA:93,3
DA:94,3
DA:96,5
DA:97,5
DA:98,3
DA:99,2
DA:100,1
DA:101,1
DA:102,1
DA:103,1
DA:105,1
DA:106,1
DA:107,1
DA:108,1
DA:111,0
DA:112,0
DA:117,49
DA:118,6
DA:119,6
DA:120,6
DA:122,3
DA:123,1
DA:124,2
DA:125,1
DA:126,1
DA:127,1
DA:128,1
DA:130,1
DA:131,1
DA:132,1
DA:133,1
DA:137,0
DA:138,0
DA:142,49
LF:88
LH:79
BRDA:18,0,0,4
BRDA:18,0,1,2
BRDA:20,1,0,1
BRDA:20,1,1,1
BRDA:41,2,0,3
BRDA:41,2,1,4
BRDA:41,3,0,7
BRDA:41,3,1,3
BRDA:72,4,0,3
BRDA:72,4,1,17
BRDA:75,5,0,1
BRDA:75,5,1,2
BRDA:75,6,0,3
BRDA:75,6,1,3
BRDA:75,6,2,2
BRDA:92,7,0,3
BRDA:92,7,1,2
BRDA:97,8,0,3
BRDA:97,8,1,2
BRDA:99,9,0,1
BRDA:99,9,1,1
BRDA:122,10,0,1
BRDA:122,10,1,2
BRDA:124,11,0,1
BRDA:124,11,1,1
BRF:25
BRH:25
end_of_record
TN:
SF:app/services/api/gsearch/gsearch.js
FN:4,(anonymous_0)
FN:5,(anonymous_1)
FN:15,(anonymous_2)
FN:19,(anonymous_3)
FN:23,(anonymous_4)
FNF:5
FNH:5
FNDA:4,(anonymous_0)
FNDA:4,(anonymous_1)
FNDA:4,(anonymous_2)
FNDA:9,(anonymous_3)
FNDA:1,(anonymous_4)
DA:1,2
DA:2,2
DA:4,2
DA:5,4
DA:7,4
DA:8,4
DA:14,4
DA:19,4
DA:20,9
DA:25,1
LF:10
LH:10
BRF:0
BRH:0
end_of_record
TN:
SF:app/services/api/springer/springer.js
FN:10,(anonymous_0)
FN:11,(anonymous_1)
FN:17,(anonymous_2)
FN:19,(anonymous_3)
FNF:4
FNH:4
FNDA:2,(anonymous_0)
FNDA:2,(anonymous_1)
FNDA:1,(anonymous_2)
FNDA:1,(anonymous_3)
DA:1,2
DA:3,2
DA:10,2
DA:11,2
DA:12,2
DA:18,1
DA:20,1
DA:25,2
LF:8
LH:8
BRF:0
BRH:0
end_of_record
TN:
SF:app/services/api/todo/todo.js
FN:3,(anonymous_0)
FN:4,(anonymous_1)
FN:5,(anonymous_2)
FN:6,(anonymous_3)
FN:8,(anonymous_4)
FN:12,(anonymous_5)
FN:14,(anonymous_6)
FN:25,(anonymous_7)
FN:27,(anonymous_8)
FN:37,(anonymous_9)
FN:43,(anonymous_10)
FN:49,(anonymous_11)
FN:50,(anonymous_12)
FN:51,(anonymous_13)
FN:57,(anonymous_14)
FN:59,(anonymous_15)
FN:61,(anonymous_16)
FN:63,(anonymous_17)
FN:73,(anonymous_18)
FN:79,(anonymous_19)
FN:80,(anonymous_20)
FN:81,(anonymous_21)
FN:86,(anonymous_22)
FN:88,(anonymous_23)
FN:89,(anonymous_24)
FN:91,(anonymous_25)
FN:94,(anonymous_26)
FN:97,(anonymous_27)
FN:100,(anonymous_28)
FN:106,(anonymous_29)
FN:107,(anonymous_30)
FN:108,(anonymous_31)
FN:117,(anonymous_32)
FN:124,(anonymous_33)
FN:125,(anonymous_34)
FN:126,(anonymous_35)
FN:129,(anonymous_36)
FN:134,(anonymous_37)
FN:145,(anonymous_38)
FN:149,(anonymous_39)
FN:156,(anonymous_40)
FN:157,(anonymous_41)
FN:158,(anonymous_42)
FN:161,(anonymous_43)
FN:162,(anonymous_44)
FN:167,(anonymous_45)
FN:170,(anonymous_46)
FNF:47
FNH:21
FNDA:8,(anonymous_0)
FNDA:1,(anonymous_1)
FNDA:1,(anonymous_2)
FNDA:1,(anonymous_3)
FNDA:1,(anonymous_4)
FNDA:1,(anonymous_5)
FNDA:2,(anonymous_6)
FNDA:0,(anonymous_7)
FNDA:0,(anonymous_8)
FNDA:0,(anonymous_9)
FNDA:0,(anonymous_10)
FNDA:0,(anonymous_11)
FNDA:0,(anonymous_12)
FNDA:0,(anonymous_13)
FNDA:0,(anonymous_14)
FNDA:0,(anonymous_15)
FNDA:0,(anonymous_16)
FNDA:0,(anonymous_17)
FNDA:0,(anonymous_18)
FNDA:1,(anonymous_19)
FNDA:1,(anonymous_20)
FNDA:1,(anonymous_21)
FNDA:1,(anonymous_22)
FNDA:1,(anonymous_23)
FNDA:1,(anonymous_24)
FNDA:0,(anonymous_25)
FNDA:0,(anonymous_26)
FNDA:0,(anonymous_27)
FNDA:0,(anonymous_28)
FNDA:1,(anonymous_29)
FNDA:1,(anonymous_30)
FNDA:1,(anonymous_31)
FNDA:0,(anonymous_32)
FNDA:1,(anonymous_33)
FNDA:1,(anonymous_34)
FNDA:1,(anonymous_35)
FNDA:1,(anonymous_36)
FNDA:2,(anonymous_37)
FNDA:0,(anonymous_38)
FNDA:0,(anonymous_39)
FNDA:0,(anonymous_40)
FNDA:0,(anonymous_41)
FNDA:0,(anonymous_42)
FNDA:0,(anonymous_43)
FNDA:0,(anonymous_44)
FNDA:0,(anonymous_45)
FNDA:0,(anonymous_46)
DA:1,4
DA:3,4
DA:4,8
DA:5,1
DA:6,1
DA:7,1
DA:8,1
DA:9,1
DA:10,1
DA:13,1
DA:14,1
DA:15,2
DA:16,2
DA:17,2
DA:18,0
DA:19,2
DA:20,2
DA:22,0
DA:24,1
DA:26,0
DA:27,0
DA:28,0
DA:31,0
DA:35,0
DA:38,0
DA:41,0
DA:44,0
DA:49,8
DA:50,0
DA:51,0
DA:52,0
DA:53,0
DA:58,0
DA:60,0
DA:61,0
DA:62,0
DA:64,0
DA:67,0
DA:71,0
DA:74,0
DA:79,8
DA:80,1
DA:81,1
DA:82,1
DA:85,1
DA:87,1
DA:88,1
DA:89,1
DA:90,1
DA:92,0
DA:95,0
DA:98,0
DA:101,0
DA:106,8
DA:107,1
DA:108,1
DA:109,1
DA:110,1
DA:111,1
DA:112,1
DA:113,1
DA:114,1
DA:116,1
DA:118,0
DA:119,0
DA:124,8
DA:125,1
DA:126,1
DA:127,1
DA:130,1
DA:132,1
DA:133,1
DA:134,1
DA:135,2
DA:139,2
DA:141,1
DA:144,1
DA:146,0
DA:147,0
DA:150,0
DA:151,0
DA:156,8
DA:157,0
DA:158,0
DA:159,0
DA:162,0
DA:163,0
DA:164,0
DA:168,0
DA:171,0
DA:175,8
LF:91
LH:51
BRDA:7,0,0,1
BRDA:7,0,1,0
BRDA:9,1,0,1
BRDA:9,1,1,0
BRDA:17,2,0,0
BRDA:17,2,1,2
BRDA:19,3,0,2
BRDA:19,3,1,0
BRDA:26,4,0,0
BRDA:26,4,1,0
BRDA:26,5,0,0
BRDA:26,5,1,0
BRDA:52,6,0,0
BRDA:52,6,1,0
BRDA:60,7,0,0
BRDA:60,7,1,0
BRDA:163,8,0,0
BRDA:163,8,1,0
BRF:18
BRH:4
end_of_record
TN:
SF:app/services/api/vvs/vvs.error.js
FN:4,VvsMultiplePointsError
FN:11,VvsUnresolvableKeywordError
FN:18,VvsInvalidParametersError
FNF:3
FNH:3
FNDA:2,VvsMultiplePointsError
FNDA:2,VvsUnresolvableKeywordError
FNDA:1,VvsInvalidParametersError
DA:1,3
DA:5,2
DA:6,2
DA:7,2
DA:12,2
DA:13,2
DA:14,2
DA:19,1
DA:20,1
DA:21,1
DA:24,3
LF:11
LH:11
BRF:0
BRH:0
end_of_record
TN:
SF:app/services/api/vvs/vvs.js
FN:7,(anonymous_0)
FN:8,(anonymous_1)
FN:9,(anonymous_2)
FN:21,(anonymous_3)
FN:38,(anonymous_4)
FN:53,(anonymous_5)
FN:62,(anonymous_6)
FN:63,(anonymous_7)
FN:90,(anonymous_8)
FN:102,(anonymous_9)
FNF:10
FNH:10
FNDA:13,(anonymous_0)
FNDA:5,(anonymous_1)
FNDA:5,(anonymous_2)
FNDA:5,(anonymous_3)
FNDA:4,(anonymous_4)
FNDA:9,(anonymous_5)
FNDA:5,(anonymous_6)
FNDA:5,(anonymous_7)
FNDA:5,(anonymous_8)
FNDA:8,(anonymous_9)
DA:1,3
DA:2,3
DA:4,3
DA:5,3
DA:7,3
DA:8,13
DA:9,5
DA:10,5
DA:11,5
DA:21,5
DA:22,5
DA:23,5
DA:27,5
DA:28,2
DA:29,2
DA:32,2
DA:36,3
DA:37,2
DA:38,2
DA:39,4
DA:42,2
DA:43,2
DA:46,2
DA:52,1
DA:53,1
DA:54,9
DA:57,1
DA:62,13
DA:63,5
DA:64,5
DA:66,5
DA:67,4
DA:70,5
DA:71,5
DA:74,5
DA:90,5
DA:93,5
DA:94,1
DA:95,1
DA:96,1
DA:98,4
DA:99,4
DA:100,4
DA:102,4
DA:103,8
DA:122,4
DA:123,4
DA:124,4
DA:125,4
DA:127,4
DA:132,13
LF:51
LH:51
BRDA:27,0,0,2
BRDA:27,0,1,3
BRDA:36,1,0,2
BRDA:36,1,1,1
BRDA:52,2,0,1
BRDA:52,2,1,0
BRDA:66,3,0,4
BRDA:66,3,1,1
BRDA:71,4,0,0
BRDA:71,4,1,5
BRDA:93,5,0,1
BRDA:93,5,1,4
BRF:12
BRH:10
end_of_record
TN:
SF:app/services/api/vvs/vvs.util.js
FN:3,(anonymous_0)
FNF:1
FNH:1
FNDA:16,(anonymous_0)
DA:1,3
DA:3,3
DA:4,16
DA:5,16
DA:7,16
DA:8,16
DA:9,16
DA:11,16
DA:12,16
DA:14,16
DA:23,3
LF:11
LH:11
BRF:0
BRH:0
end_of_record
TN:
SF:app/services/mailer/mailer.error.js
FN:4,MailerApiError
FNF:1
FNH:1
FNDA:1,MailerApiError
DA:1,22
DA:5,1
DA:6,1
DA:7,1
DA:10,22
LF:5
LH:5
BRF:0
BRH:0
end_of_record
TN:
SF:app/services/mailer/mailer.js
FN:3,(anonymous_0)
FN:4,(anonymous_1)
FN:5,(anonymous_2)
FN:29,(anonymous_3)
FN:32,(anonymous_4)
FNF:5
FNH:5
FNDA:23,(anonymous_0)
FNDA:2,(anonymous_1)
FNDA:2,(anonymous_2)
FNDA:1,(anonymous_3)
FNDA:1,(anonymous_4)
DA:1,22
DA:2,22
DA:3,22
DA:4,23
DA:5,2
DA:6,2
DA:20,2
DA:28,2
DA:30,1
DA:33,1
DA:34,1
DA:35,1
DA:36,1
DA:40,23
LF:14
LH:14
BRF:0
BRH:0
end_of_record
TN:
SF:app/services/preferences/preferences.js
FN:1,(anonymous_0)
FN:2,(anonymous_1)
FN:3,(anonymous_2)
FN:4,(anonymous_3)
FN:6,(anonymous_4)
FN:20,(anonymous_5)
FN:21,(anonymous_6)
FN:22,(anonymous_7)
FN:24,(anonymous_8)
FN:28,(anonymous_9)
FNF:10
FNH:8
FNDA:1,(anonymous_0)
FNDA:2,(anonymous_1)
FNDA:2,(anonymous_2)
FNDA:2,(anonymous_3)
FNDA:0,(anonymous_4)
FNDA:1,(anonymous_5)
FNDA:1,(anonymous_6)
FNDA:1,(anonymous_7)
FNDA:0,(anonymous_8)
FNDA:1,(anonymous_9)
DA:1,1
DA:2,1
DA:3,2
DA:4,2
DA:5,2
DA:6,0
DA:7,0
DA:8,0
DA:10,0
DA:14,2
DA:20,1
DA:21,1
DA:22,1
DA:23,1
DA:24,0
DA:25,0
DA:28,1
DA:29,1
DA:36,1
LF:19
LH:13
BRDA:5,0,0,0
BRDA:5,0,1,2
BRDA:7,1,0,0
BRDA:7,1,1,0
BRDA:23,2,0,0
BRDA:23,2,1,1
BRF:6
BRH:2
end_of_record
TN:
SF:app/use-cases/_start/start.js
FN:9,(anonymous_0)
FN:23,(anonymous_1)
FN:32,(anonymous_2)
FN:45,(anonymous_3)
FN:46,(anonymous_4)
FN:48,(anonymous_5)
FN:67,(anonymous_6)
FN:75,(anonymous_7)
FN:82,(anonymous_8)
FN:95,(anonymous_9)
FN:97,(anonymous_10)
FN:103,(anonymous_11)
FN:110,(anonymous_12)
FN:114,(anonymous_13)
FN:121,(anonymous_14)
FN:122,(anonymous_15)
FN:126,(anonymous_16)
FN:138,(anonymous_17)
FN:145,(anonymous_18)
FN:149,(anonymous_19)
FN:155,(anonymous_20)
FN:158,(anonymous_21)
FN:159,(anonymous_22)
FN:160,(anonymous_23)
FN:165,(anonymous_24)
FN:176,(anonymous_25)
FN:186,(anonymous_26)
FN:196,(anonymous_27)
FN:215,(anonymous_28)
FN:236,(anonymous_29)
FN:261,(anonymous_30)
FN:276,(anonymous_31)
FN:288,(anonymous_32)
FN:302,(anonymous_33)
FN:314,(anonymous_34)
FNF:35
FNH:20
FNDA:24,(anonymous_0)
FNDA:2,(anonymous_1)
FNDA:8,(anonymous_2)
FNDA:3,(anonymous_3)
FNDA:2,(anonymous_4)
FNDA:2,(anonymous_5)
FNDA:1,(anonymous_6)
FNDA:0,(anonymous_7)
FNDA:2,(anonymous_8)
FNDA:2,(anonymous_9)
FNDA:2,(anonymous_10)
FNDA:1,(anonymous_11)
FNDA:1,(anonymous_12)
FNDA:0,(anonymous_13)
FNDA:2,(anonymous_14)
FNDA:1,(anonymous_15)
FNDA:2,(anonymous_16)
FNDA:0,(anonymous_17)
FNDA:0,(anonymous_18)
FNDA:0,(anonymous_19)
FNDA:0,(anonymous_20)
FNDA:2,(anonymous_21)
FNDA:2,(anonymous_22)
FNDA:4,(anonymous_23)
FNDA:0,(anonymous_24)
FNDA:7,(anonymous_25)
FNDA:0,(anonymous_26)
FNDA:0,(anonymous_27)
FNDA:0,(anonymous_28)
FNDA:9,(anonymous_29)
FNDA:0,(anonymous_30)
FNDA:0,(anonymous_31)
FNDA:0,(anonymous_32)
FNDA:0,(anonymous_33)
FNDA:0,(anonymous_34)
DA:1,2
DA:3,2
DA:4,2
DA:6,2
DA:9,2
DA:10,24
DA:12,24
DA:13,24
DA:14,24
DA:15,24
DA:18,24
DA:19,24
DA:20,24
DA:23,24
DA:25,2
DA:32,2
DA:33,8
DA:36,2
DA:45,24
DA:46,3
DA:47,2
DA:48,1
DA:50,2
DA:51,2
DA:52,2
DA:54,2
DA:55,2
DA:58,1
DA:61,1
DA:62,1
DA:63,1
DA:64,1
DA:65,1
DA:66,1
DA:67,1
DA:68,1
DA:69,0
DA:72,0
DA:76,0
DA:77,0
DA:82,24
DA:85,2
DA:86,2
DA:87,2
DA:88,0
DA:89,0
DA:90,0
DA:92,0
DA:95,2
DA:96,2
DA:97,1
DA:98,2
DA:100,1
DA:103,1
DA:104,1
DA:105,1
DA:106,1
DA:108,0
DA:111,1
DA:115,0
DA:116,0
DA:121,24
DA:122,2
DA:123,1
DA:125,1
DA:126,1
DA:128,2
DA:130,2
DA:131,2
DA:133,1
DA:136,0
DA:137,0
DA:138,0
DA:139,0
DA:140,0
DA:141,0
DA:143,0
DA:146,0
DA:150,0
DA:155,24
DA:158,24
DA:159,2
DA:160,2
DA:161,4
DA:162,4
DA:164,2
DA:166,0
DA:167,0
DA:176,24
DA:177,7
DA:180,1
DA:181,1
DA:185,1
DA:186,1
DA:187,0
DA:188,0
DA:190,1
DA:191,1
DA:195,1
DA:196,1
DA:197,0
DA:198,0
DA:200,1
DA:201,1
DA:205,1
DA:206,1
DA:210,1
DA:211,1
DA:215,1
DA:216,0
DA:217,0
DA:220,1
DA:221,1
DA:222,0
DA:226,1
DA:227,1
DA:236,24
DA:238,9
DA:239,9
DA:240,9
DA:242,9
DA:245,2
DA:246,1
DA:247,1
DA:248,1
DA:250,0
DA:251,0
DA:254,1
DA:256,1
DA:261,2
DA:262,0
DA:263,0
DA:265,2
DA:266,2
DA:267,0
DA:269,2
DA:272,2
DA:276,1
DA:277,0
DA:278,0
DA:280,1
DA:282,1
DA:287,2
DA:288,1
DA:289,0
DA:290,0
DA:292,1
DA:293,0
DA:295,1
DA:298,1
DA:302,1
DA:303,0
DA:304,0
DA:306,1
DA:308,1
DA:312,1
DA:313,1
DA:314,1
DA:315,0
DA:316,0
DA:318,1
DA:320,1
DA:325,24
LF:163
LH:120
BRDA:47,0,0,1
BRDA:47,0,1,1
BRDA:85,1,0,2
BRDA:85,1,1,0
BRDA:88,2,0,0
BRDA:88,2,1,0
BRDA:96,3,0,1
BRDA:96,3,1,1
BRDA:105,4,0,1
BRDA:105,4,1,0
BRDA:125,5,0,1
BRDA:125,5,1,0
BRDA:140,6,0,0
BRDA:140,6,1,0
BRDA:177,7,0,1
BRDA:177,7,1,1
BRDA:177,7,2,1
BRDA:177,7,3,1
BRDA:177,7,4,1
BRDA:177,7,5,1
BRDA:177,7,6,1
BRDA:242,8,0,2
BRDA:242,8,1,2
BRDA:242,8,2,1
BRDA:242,8,3,2
BRDA:242,8,4,1
BRDA:242,8,5,1
BRDA:266,9,0,0
BRDA:266,9,1,2
BRDA:292,10,0,0
BRDA:292,10,1,1
BRF:31
BRH:22
end_of_record
TN:
SF:app/use-cases/_start/start.resp.js
FN:1,(anonymous_0)
FN:8,(anonymous_1)
FN:12,(anonymous_2)
FN:16,(anonymous_3)
FN:20,(anonymous_4)
FNF:5
FNH:4
FNDA:2,(anonymous_0)
FNDA:1,(anonymous_1)
FNDA:1,(anonymous_2)
FNDA:1,(anonymous_3)
FNDA:0,(anonymous_4)
DA:1,2
DA:2,2
DA:8,2
DA:12,2
DA:16,2
DA:18,2
DA:20,2
DA:22,2
DA:26,2
DA:30,2
DA:40,2
LF:11
LH:11
BRF:0
BRH:0
end_of_record
TN:
SF:app/use-cases/books/books.js
FN:8,(anonymous_0)
FN:24,(anonymous_1)
FN:37,(anonymous_2)
FN:49,(anonymous_3)
FN:54,(anonymous_4)
FN:67,(anonymous_5)
FN:125,(anonymous_6)
FNF:7
FNH:7
FNDA:18,(anonymous_0)
FNDA:3,(anonymous_1)
FNDA:2,(anonymous_2)
FNDA:3,(anonymous_3)
FNDA:7,(anonymous_4)
FNDA:4,(anonymous_5)
FNDA:2,(anonymous_6)
DA:1,7
DA:2,7
DA:3,7
DA:4,7
DA:5,7
DA:6,7
DA:8,7
DA:9,18
DA:10,18
DA:11,18
DA:16,18
DA:24,18
DA:25,3
DA:26,1
DA:28,2
DA:37,18
DA:38,2
DA:49,18
DA:50,3
DA:51,1
DA:54,2
DA:55,7
DA:58,2
DA:67,18
DA:68,4
DA:70,1
DA:72,1
DA:74,1
DA:76,1
DA:77,1
DA:79,1
DA:82,1
DA:83,1
DA:90,1
DA:91,1
DA:94,1
DA:95,1
DA:96,1
DA:99,1
DA:102,1
DA:103,1
DA:104,1
DA:106,1
DA:109,1
DA:112,0
DA:114,1
DA:116,1
DA:125,18
DA:126,2
DA:128,2
DA:129,2
DA:130,1
DA:134,1
DA:135,1
DA:136,1
DA:137,1
DA:139,1
DA:141,1
DA:142,1
DA:145,0
DA:149,18
LF:61
LH:59
BRDA:25,0,0,1
BRDA:25,0,1,2
BRDA:25,1,0,3
BRDA:25,1,1,1
BRDA:50,2,0,1
BRDA:50,2,1,2
BRDA:68,3,0,1
BRDA:68,3,1,1
BRDA:68,3,2,1
BRDA:68,3,3,1
BRDA:95,4,0,1
BRDA:95,4,1,0
BRDA:95,5,0,1
BRDA:95,5,1,1
BRDA:129,6,0,1
BRDA:129,6,1,1
BRF:16
BRH:15
end_of_record
TN:
SF:app/use-cases/books/books.util.js
FN:3,(anonymous_0)
FN:4,(anonymous_1)
FN:7,(anonymous_2)
FN:8,(anonymous_3)
FN:18,(anonymous_4)
FN:28,(anonymous_5)
FN:42,(anonymous_6)
FN:59,(anonymous_7)
FNF:8
FNH:6
FNDA:1,(anonymous_0)
FNDA:10,(anonymous_1)
FNDA:1,(anonymous_2)
FNDA:1,(anonymous_3)
FNDA:3,(anonymous_4)
FNDA:2,(anonymous_5)
FNDA:0,(anonymous_6)
FNDA:0,(anonymous_7)
DA:1,6
DA:3,6
DA:4,10
DA:7,6
DA:8,1
DA:18,6
DA:19,3
DA:20,1
DA:23,2
DA:27,2
DA:28,1
DA:29,2
DA:30,1
DA:32,1
DA:36,1
DA:39,2
DA:42,6
DA:43,0
DA:44,0
DA:45,0
DA:47,0
DA:59,6
DA:60,0
DA:67,6
LF:24
LH:19
BRDA:19,0,0,1
BRDA:19,0,1,2
BRDA:27,1,0,1
BRDA:27,1,1,1
BRDA:29,2,0,1
BRDA:29,2,1,1
BRF:6
BRH:6
end_of_record
TN:
SF:app/use-cases/meals/meals.js
FN:6,(anonymous_0)
FN:11,(anonymous_1)
FN:14,(anonymous_2)
FN:22,(anonymous_3)
FN:27,(anonymous_4)
FN:29,(anonymous_5)
FN:38,(anonymous_6)
FN:39,(anonymous_7)
FN:40,(anonymous_8)
FN:50,(anonymous_9)
FN:56,(anonymous_10)
FN:59,(anonymous_11)
FN:63,(anonymous_12)
FN:82,(anonymous_13)
FN:85,(anonymous_14)
FN:93,(anonymous_15)
FN:96,(anonymous_16)
FNF:17
FNH:11
FNDA:10,(anonymous_0)
FNDA:1,(anonymous_1)
FNDA:0,(anonymous_2)
FNDA:0,(anonymous_3)
FNDA:1,(anonymous_4)
FNDA:1,(anonymous_5)
FNDA:3,(anonymous_6)
FNDA:2,(anonymous_7)
FNDA:2,(anonymous_8)
FNDA:1,(anonymous_9)
FNDA:0,(anonymous_10)
FNDA:0,(anonymous_11)
FNDA:5,(anonymous_12)
FNDA:1,(anonymous_13)
FNDA:1,(anonymous_14)
FNDA:0,(anonymous_15)
FNDA:0,(anonymous_16)
DA:1,10
DA:2,10
DA:3,10
DA:4,10
DA:6,10
DA:7,10
DA:11,10
DA:12,1
DA:15,0
DA:16,0
DA:20,0
DA:23,0
DA:27,10
DA:29,10
DA:30,1
DA:32,1
DA:34,1
DA:35,1
DA:38,10
DA:39,3
DA:40,2
DA:41,2
DA:42,2
DA:43,1
DA:45,1
DA:47,2
DA:51,1
DA:52,1
DA:56,10
DA:57,0
DA:58,0
DA:59,0
DA:63,10
DA:64,5
DA:65,5
DA:68,1
DA:69,1
DA:71,0
DA:72,0
DA:74,1
DA:77,2
DA:78,1
DA:82,1
DA:83,1
DA:84,1
DA:86,1
DA:87,1
DA:89,1
DA:93,0
DA:94,0
DA:99,0
DA:101,0
DA:104,1
DA:105,1
DA:108,10
LF:55
LH:42
BRDA:27,0,0,1
BRDA:27,0,1,1
BRDA:42,1,0,1
BRDA:42,1,1,1
BRDA:65,2,0,1
BRDA:65,2,1,2
BRDA:65,2,2,1
BRDA:65,2,3,0
BRDA:65,2,4,1
BRF:9
BRH:8
end_of_record
TN:
SF:app/use-cases/send-absent/sendAbsent.js
FN:6,(anonymous_0)
FN:9,(anonymous_1)
FN:13,(anonymous_2)
FN:19,(anonymous_3)
FN:26,(anonymous_4)
FN:27,(anonymous_5)
FN:31,(anonymous_6)
FN:38,(anonymous_7)
FN:47,(anonymous_8)
FN:52,(anonymous_9)
FN:53,(anonymous_10)
FN:56,(anonymous_11)
FN:67,(anonymous_12)
FN:68,(anonymous_13)
FN:73,(anonymous_14)
FN:81,(anonymous_15)
FN:89,(anonymous_16)
FN:95,(anonymous_17)
FN:99,(anonymous_18)
FN:106,(anonymous_19)
FN:112,(anonymous_20)
FN:115,(anonymous_21)
FN:122,(anonymous_22)
FN:129,(anonymous_23)
FN:132,(anonymous_24)
FN:134,(anonymous_25)
FN:135,(anonymous_26)
FN:140,(anonymous_27)
FN:143,(anonymous_28)
FN:144,(anonymous_29)
FN:150,(anonymous_30)
FN:153,(anonymous_31)
FNF:32
FNH:32
FNDA:28,(anonymous_0)
FNDA:12,(anonymous_1)
FNDA:1,(anonymous_2)
FNDA:1,(anonymous_3)
FNDA:1,(anonymous_4)
FNDA:5,(anonymous_5)
FNDA:1,(anonymous_6)
FNDA:2,(anonymous_7)
FNDA:2,(anonymous_8)
FNDA:1,(anonymous_9)
FNDA:3,(anonymous_10)
FNDA:2,(anonymous_11)
FNDA:3,(anonymous_12)
FNDA:3,(anonymous_13)
FNDA:2,(anonymous_14)
FNDA:1,(anonymous_15)
FNDA:6,(anonymous_16)
FNDA:4,(anonymous_17)
FNDA:1,(anonymous_18)
FNDA:1,(anonymous_19)
FNDA:2,(anonymous_20)
FNDA:1,(anonymous_21)
FNDA:6,(anonymous_22)
FNDA:4,(anonymous_23)
FNDA:2,(anonymous_24)
FNDA:1,(anonymous_25)
FNDA:1,(anonymous_26)
FNDA:2,(anonymous_27)
FNDA:1,(anonymous_28)
FNDA:1,(anonymous_29)
FNDA:2,(anonymous_30)
FNDA:1,(anonymous_31)
DA:1,28
DA:2,28
DA:3,28
DA:4,28
DA:6,28
DA:7,28
DA:8,28
DA:9,28
DA:10,12
DA:12,2
DA:14,1
DA:15,1
DA:18,2
DA:20,1
DA:21,1
DA:24,5
DA:25,5
DA:26,1
DA:28,5
DA:29,2
DA:32,1
DA:33,1
DA:36,3
DA:39,2
DA:40,2
DA:46,3
DA:48,2
DA:49,2
DA:51,3
DA:52,1
DA:54,3
DA:57,2
DA:58,2
DA:61,3
DA:62,3
DA:67,28
DA:68,3
DA:69,3
DA:70,3
DA:72,3
DA:74,2
DA:76,1
DA:78,1
DA:82,1
DA:83,1
DA:89,28
DA:90,6
DA:93,6
DA:94,6
DA:96,4
DA:97,2
DA:100,1
DA:101,1
DA:104,2
DA:107,1
DA:108,1
DA:113,2
DA:116,1
DA:117,1
DA:122,28
DA:123,6
DA:125,6
DA:130,4
DA:133,2
DA:134,1
DA:136,1
DA:137,1
DA:141,2
DA:142,2
DA:143,1
DA:145,1
DA:146,1
DA:148,2
DA:151,2
DA:154,1
DA:155,1
DA:159,28
LF:77
LH:77
BRDA:10,0,0,2
BRDA:10,0,1,2
BRDA:10,0,2,5
BRDA:10,0,3,3
BRDA:28,1,0,2
BRDA:28,1,1,3
BRDA:74,2,0,1
BRDA:74,2,1,1
BRDA:96,3,0,2
BRDA:96,3,1,2
BRF:10
BRH:10
end_of_record
TN:
SF:app/use-cases/send-absent/sendAbsent.util.js
FN:4,(anonymous_0)
FN:22,(anonymous_1)
FN:31,(anonymous_2)
FN:57,(anonymous_3)
FNF:4
FNH:4
FNDA:2,(anonymous_0)
FNDA:1,(anonymous_1)
FNDA:5,(anonymous_2)
FNDA:5,(anonymous_3)
DA:1,21
DA:2,21
DA:4,21
DA:5,2
DA:7,2
DA:8,1
DA:14,1
DA:22,21
DA:23,1
DA:24,1
DA:31,21
DA:32,5
DA:33,5
DA:34,5
DA:35,5
DA:36,5
DA:37,5
DA:38,2
DA:39,2
DA:41,5
DA:42,1
DA:44,5
DA:45,2
DA:46,2
DA:47,3
DA:48,2
DA:50,5
DA:51,5
DA:52,5
DA:57,5
DA:58,5
DA:61,21
LF:32
LH:32
BRDA:7,0,0,1
BRDA:7,0,1,1
BRDA:37,1,0,2
BRDA:37,1,1,3
BRDA:41,2,0,1
BRDA:41,2,1,4
BRDA:44,3,0,2
BRDA:44,3,1,3
BRDA:44,4,0,5
BRDA:44,4,1,2
BRDA:47,5,0,2
BRDA:47,5,1,1
BRDA:47,6,0,3
BRDA:47,6,1,3
BRF:14
BRH:14
end_of_record
TN:
SF:app/use-cases/tasks/tasks.js
FN:2,(anonymous_0)
FN:7,(anonymous_1)
FN:8,(anonymous_2)
FN:10,(anonymous_3)
FN:15,(anonymous_4)
FN:19,(anonymous_5)
FN:38,(anonymous_6)
FN:42,(anonymous_7)
FN:45,(anonymous_8)
FN:46,(anonymous_9)
FN:51,(anonymous_10)
FN:55,(anonymous_11)
FN:62,(anonymous_12)
FN:75,(anonymous_13)
FN:76,(anonymous_14)
FN:84,(anonymous_15)
FN:85,(anonymous_16)
FN:90,(anonymous_17)
FN:94,(anonymous_18)
FN:102,(anonymous_19)
FN:103,(anonymous_20)
FN:106,(anonymous_21)
FN:110,(anonymous_22)
FNF:23
FNH:11
FNDA:3,(anonymous_0)
FNDA:1,(anonymous_1)
FNDA:1,(anonymous_2)
FNDA:1,(anonymous_3)
FNDA:1,(anonymous_4)
FNDA:1,(anonymous_5)
FNDA:0,(anonymous_6)
FNDA:1,(anonymous_7)
FNDA:0,(anonymous_8)
FNDA:0,(anonymous_9)
FNDA:0,(anonymous_10)
FNDA:0,(anonymous_11)
FNDA:0,(anonymous_12)
FNDA:1,(anonymous_13)
FNDA:1,(anonymous_14)
FNDA:0,(anonymous_15)
FNDA:0,(anonymous_16)
FNDA:0,(anonymous_17)
FNDA:0,(anonymous_18)
FNDA:1,(anonymous_19)
FNDA:1,(anonymous_20)
FNDA:0,(anonymous_21)
FNDA:0,(anonymous_22)
DA:2,2
DA:3,3
DA:4,3
DA:5,3
DA:7,3
DA:8,1
DA:9,1
DA:10,1
DA:12,1
DA:13,1
DA:14,1
DA:15,1
DA:16,1
DA:19,1
DA:20,1
DA:21,1
DA:22,1
DA:24,1
DA:26,1
DA:28,1
DA:30,1
DA:38,1
DA:39,0
DA:40,0
DA:42,1
DA:43,1
DA:44,1
DA:45,1
DA:46,0
DA:47,0
DA:50,1
DA:52,0
DA:53,0
DA:56,0
DA:59,0
DA:60,0
DA:63,0
DA:64,0
DA:65,0
DA:66,0
DA:68,0
DA:75,3
DA:76,1
DA:77,1
DA:79,1
DA:80,1
DA:81,1
DA:83,0
DA:84,0
DA:85,0
DA:86,0
DA:87,0
DA:89,0
DA:91,0
DA:92,0
DA:95,0
DA:96,0
DA:99,0
DA:101,1
DA:102,1
DA:103,1
DA:104,1
DA:105,1
DA:107,0
DA:108,0
DA:111,0
DA:112,0
DA:116,0
DA:118,1
DA:119,1
DA:123,3
LF:71
LH:41
BRDA:9,0,0,1
BRDA:9,0,1,0
BRDA:14,1,0,1
BRDA:14,1,1,0
BRDA:63,2,0,0
BRDA:63,2,1,0
BRDA:65,3,0,0
BRDA:65,3,1,0
BRDA:81,4,0,0
BRDA:81,4,1,1
BRDA:83,5,0,0
BRDA:83,5,1,0
BRDA:101,6,0,1
BRDA:101,6,1,0
BRF:14
BRH:4
end_of_record
TN:
SF:app/use-cases/uni-notifier/uniNotifier.js
FN:9,(anonymous_0)
FN:17,(anonymous_1)
FN:40,(anonymous_2)
FN:73,(anonymous_3)
FN:89,(anonymous_4)
FN:109,(anonymous_5)
FN:125,(anonymous_6)
FN:127,(anonymous_7)
FN:152,(anonymous_8)
FN:167,(anonymous_9)
FN:174,(anonymous_10)
FN:178,(anonymous_11)
FNF:12
FNH:8
FNDA:6,(anonymous_0)
FNDA:5,(anonymous_1)
FNDA:2,(anonymous_2)
FNDA:1,(anonymous_3)
FNDA:1,(anonymous_4)
FNDA:1,(anonymous_5)
FNDA:0,(anonymous_6)
FNDA:0,(anonymous_7)
FNDA:1,(anonymous_8)
FNDA:1,(anonymous_9)
FNDA:0,(anonymous_10)
FNDA:0,(anonymous_11)
DA:1,4
DA:3,4
DA:4,4
DA:6,4
DA:7,4
DA:9,4
DA:10,6
DA:11,6
DA:12,6
DA:17,6
DA:19,5
DA:20,1
DA:23,4
DA:25,4
DA:26,4
DA:27,4
DA:28,1
DA:31,3
DA:32,3
DA:33,3
DA:35,3
DA:36,1
DA:37,1
DA:40,2
DA:41,2
DA:43,2
DA:45,2
DA:54,2
DA:55,1
DA:56,1
DA:59,1
DA:66,1
DA:73,1
DA:74,1
DA:75,1
DA:76,1
DA:77,1
DA:80,1
DA:81,1
DA:82,1
DA:84,1
DA:86,1
DA:87,1
DA:89,1
DA:90,1
DA:91,1
DA:92,1
DA:93,1
DA:96,1
DA:97,1
DA:98,1
DA:100,1
DA:101,0
DA:105,1
DA:107,1
DA:109,1
DA:110,1
DA:111,1
DA:114,0
DA:115,0
DA:117,0
DA:118,0
DA:120,0
DA:122,0
DA:125,0
DA:128,0
DA:130,0
DA:134,0
DA:136,0
DA:137,0
DA:142,1
DA:143,1
DA:145,1
DA:152,1
DA:154,1
DA:155,1
DA:156,1
DA:158,1
DA:161,1
DA:163,1
DA:164,1
DA:165,0
DA:167,1
DA:168,1
DA:169,1
DA:171,0
DA:172,0
DA:174,0
DA:175,0
DA:179,0
DA:183,6
LF:91
LH:72
BRDA:19,0,0,1
BRDA:19,0,1,4
BRDA:27,1,0,1
BRDA:27,1,1,3
BRDA:35,2,0,1
BRDA:35,2,1,2
BRDA:54,3,0,1
BRDA:54,3,1,1
BRDA:84,4,0,1
BRDA:84,4,1,0
BRDA:100,5,0,0
BRDA:100,5,1,1
BRDA:100,6,0,1
BRDA:100,6,1,0
BRDA:114,7,0,0
BRDA:114,7,1,0
BRDA:118,8,0,0
BRDA:118,8,1,0
BRDA:128,9,0,0
BRDA:128,9,1,0
BRDA:163,10,0,1
BRDA:163,10,1,0
BRDA:164,11,0,0
BRDA:164,11,1,1
BRDA:171,12,0,0
BRDA:171,12,1,0
BRF:26
BRH:13
end_of_record
TN:
SF:app/use-cases/uni-notifier/uniNotifier.resp.js
FN:1,(anonymous_0)
FN:5,(anonymous_1)
FN:6,(anonymous_2)
FN:7,(anonymous_3)
FN:15,(anonymous_4)
FN:20,(anonymous_5)
FN:22,(anonymous_6)
FNF:7
FNH:5
FNDA:6,(anonymous_0)
FNDA:1,(anonymous_1)
FNDA:2,(anonymous_2)
FNDA:0,(anonymous_3)
FNDA:0,(anonymous_4)
FNDA:1,(anonymous_5)
FNDA:1,(anonymous_6)
DA:1,4
DA:2,6
DA:3,6
DA:5,6
DA:6,6
DA:7,6
DA:8,0
DA:15,6
DA:16,0
DA:20,6
DA:22,6
DA:23,6
DA:25,6
DA:28,6
LF:14
LH:12
BRF:0
BRH:0
end_of_record
TN:
SF:app/use-cases/uni-notifier/uniNotifier.util.js
FN:3,(anonymous_0)
FN:5,(anonymous_1)
FN:12,(anonymous_2)
FN:18,(anonymous_3)
FN:25,(anonymous_4)
FN:33,(anonymous_5)
FN:47,(anonymous_6)
FN:58,(anonymous_7)
FN:60,(anonymous_8)
FN:74,(anonymous_9)
FN:79,(anonymous_10)
FNF:11
FNH:6
FNDA:6,(anonymous_0)
FNDA:1,(anonymous_1)
FNDA:1,(anonymous_2)
FNDA:1,(anonymous_3)
FNDA:0,(anonymous_4)
FNDA:0,(anonymous_5)
FNDA:0,(anonymous_6)
FNDA:0,(anonymous_7)
FNDA:0,(anonymous_8)
FNDA:1,(anonymous_9)
FNDA:1,(anonymous_10)
DA:1,2
DA:3,2
DA:5,6
DA:6,1
DA:12,6
DA:13,1
DA:18,6
DA:19,1
DA:25,6
DA:26,0
DA:33,6
DA:34,0
DA:47,6
DA:48,0
DA:58,6
DA:59,0
DA:60,0
DA:61,0
DA:63,0
DA:65,0
DA:68,0
DA:70,0
DA:74,6
DA:75,1
DA:79,6
DA:80,1
DA:84,6
LF:27
LH:17
BRF:0
BRH:0
end_of_record
